# JRE version: OpenJDK Runtime Environment Microsoft-7208460 (11.0.18+10) (build 11.0.18+10-LTS)
# Java VM: OpenJDK 64-Bit Server VM Microsoft-7208460 (11.0.18+10-LTS, mixed mode, tiered, compressed oops, g1 gc, windows-amd64)
Heap:
 garbage-first heap   total 374784K, used 303104K [0x0000000080000000, 0x0000000100000000)
  region size 1024K, 43 young (44032K), 9 survivors (9216K)
 Metaspace       used 174095K, capacity 180175K, committed 180264K, reserved 673792K
  class space    used 21678K, capacity 24000K, committed 24064K, reserved 516096K
GC Heap History (20 events):
Event: 507.958 GC heap before
{Heap before GC invocations=158 (full 0):
 garbage-first heap   total 374784K, used 319287K [0x0000000080000000, 0x0000000100000000)
  region size 1024K, 87 young (89088K), 7 survivors (7168K)
 Metaspace       used 161205K, capacity 166499K, committed 166568K, reserved 661504K
  class space    used 19796K, capacity 21847K, committed 21888K, reserved 516096K
}
Event: 507.966 GC heap after
{Heap after GC invocations=159 (full 0):
 garbage-first heap   total 374784K, used 237855K [0x0000000080000000, 0x0000000100000000)
  region size 1024K, 7 young (7168K), 7 survivors (7168K)
 Metaspace       used 161205K, capacity 166499K, committed 166568K, reserved 661504K
  class space    used 19796K, capacity 21847K, committed 21888K, reserved 516096K
}
Event: 508.028 GC heap before
{Heap before GC invocations=159 (full 0):
 garbage-first heap   total 374784K, used 249119K [0x0000000080000000, 0x0000000100000000)
  region size 1024K, 18 young (18432K), 7 survivors (7168K)
 Metaspace       used 161205K, capacity 166499K, committed 166568K, reserved 661504K
  class space    used 19796K, capacity 21847K, committed 21888K, reserved 516096K
}
Event: 508.033 GC heap after
{Heap after GC invocations=160 (full 0):
 garbage-first heap   total 374784K, used 235245K [0x0000000080000000, 0x0000000100000000)
  region size 1024K, 2 young (2048K), 2 survivors (2048K)
 Metaspace       used 161205K, capacity 166499K, committed 166568K, reserved 661504K
  class space    used 19796K, capacity 21847K, committed 21888K, reserved 516096K
}
Event: 508.369 GC heap before
{Heap before GC invocations=160 (full 0):
 garbage-first heap   total 374784K, used 322285K [0x0000000080000000, 0x0000000100000000)
  region size 1024K, 87 young (89088K), 2 survivors (2048K)
 Metaspace       used 161205K, capacity 166499K, committed 166568K, reserved 661504K
  class space    used 19796K, capacity 21847K, committed 21888K, reserved 516096K
}
Event: 508.372 GC heap after
{Heap after GC invocations=161 (full 0):
 garbage-first heap   total 374784K, used 235601K [0x0000000080000000, 0x0000000100000000)
  region size 1024K, 3 young (3072K), 3 survivors (3072K)
 Metaspace       used 161205K, capacity 166499K, committed 166568K, reserved 661504K
  class space    used 19796K, capacity 21847K, committed 21888K, reserved 516096K
}
Event: 509.094 GC heap before
{Heap before GC invocations=162 (full 0):
 garbage-first heap   total 374784K, used 323665K [0x0000000080000000, 0x0000000100000000)
  region size 1024K, 89 young (91136K), 3 survivors (3072K)
 Metaspace       used 161607K, capacity 167001K, committed 167208K, reserved 661504K
  class space    used 19846K, capacity 21894K, committed 22016K, reserved 516096K
}
Event: 509.097 GC heap after
{Heap after GC invocations=163 (full 0):
 garbage-first heap   total 374784K, used 233285K [0x0000000080000000, 0x0000000100000000)
  region size 1024K, 4 young (4096K), 4 survivors (4096K)
 Metaspace       used 161607K, capacity 167001K, committed 167208K, reserved 661504K
  class space    used 19846K, capacity 21894K, committed 22016K, reserved 516096K
}
Event: 509.278 GC heap before
{Heap before GC invocations=163 (full 0):
 garbage-first heap   total 374784K, used 246597K [0x0000000080000000, 0x0000000100000000)
  region size 1024K, 18 young (18432K), 4 survivors (4096K)
 Metaspace       used 162355K, capacity 167750K, committed 167976K, reserved 663552K
  class space    used 19974K, capacity 21992K, committed 22016K, reserved 516096K
}
Event: 509.281 GC heap after
{Heap after GC invocations=164 (full 0):
 garbage-first heap   total 374784K, used 232720K [0x0000000080000000, 0x0000000100000000)
  region size 1024K, 2 young (2048K), 2 survivors (2048K)
 Metaspace       used 162355K, capacity 167750K, committed 167976K, reserved 663552K
  class space    used 19974K, capacity 21992K, committed 22016K, reserved 516096K
}
Event: 511.584 GC heap before
{Heap before GC invocations=164 (full 0):
 garbage-first heap   total 374784K, used 327952K [0x0000000080000000, 0x0000000100000000)
  region size 1024K, 92 young (94208K), 2 survivors (2048K)
 Metaspace       used 163809K, capacity 169252K, committed 169512K, reserved 663552K
  class space    used 20154K, capacity 22194K, committed 22272K, reserved 516096K
}
Event: 511.591 GC heap after
{Heap after GC invocations=165 (full 0):
 garbage-first heap   total 374784K, used 237182K [0x0000000080000000, 0x0000000100000000)
  region size 1024K, 6 young (6144K), 6 survivors (6144K)
 Metaspace       used 163809K, capacity 169252K, committed 169512K, reserved 663552K
  class space    used 20154K, capacity 22194K, committed 22272K, reserved 516096K
}
Event: 513.341 GC heap before
{Heap before GC invocations=165 (full 0):
 garbage-first heap   total 374784K, used 329342K [0x0000000080000000, 0x0000000100000000)
  region size 1024K, 92 young (94208K), 6 survivors (6144K)
 Metaspace       used 164189K, capacity 169689K, committed 169896K, reserved 665600K
  class space    used 20207K, capacity 22282K, committed 22400K, reserved 516096K
}
Event: 513.350 GC heap after
{Heap after GC invocations=166 (full 0):
 garbage-first heap   total 374784K, used 239476K [0x0000000080000000, 0x0000000100000000)
  region size 1024K, 8 young (8192K), 8 survivors (8192K)
 Metaspace       used 164189K, capacity 169689K, committed 169896K, reserved 665600K
  class space    used 20207K, capacity 22282K, committed 22400K, reserved 516096K
}
Event: 514.357 GC heap before
{Heap before GC invocations=166 (full 0):
 garbage-first heap   total 374784K, used 333684K [0x0000000080000000, 0x0000000100000000)
  region size 1024K, 93 young (95232K), 8 survivors (8192K)
 Metaspace       used 164842K, capacity 170344K, committed 170408K, reserved 665600K
  class space    used 20308K, capacity 22394K, committed 22400K, reserved 516096K
}
Event: 514.366 GC heap after
{Heap after GC invocations=167 (full 0):
 garbage-first heap   total 374784K, used 246978K [0x0000000080000000, 0x0000000100000000)
  region size 1024K, 8 young (8192K), 8 survivors (8192K)
 Metaspace       used 164842K, capacity 170344K, committed 170408K, reserved 665600K
  class space    used 20308K, capacity 22394K, committed 22400K, reserved 516096K
}
Event: 515.809 GC heap before
{Heap before GC invocations=167 (full 0):
 garbage-first heap   total 374784K, used 323778K [0x0000000080000000, 0x0000000100000000)
  region size 1024K, 84 young (86016K), 8 survivors (8192K)
 Metaspace       used 169297K, capacity 174893K, committed 175144K, reserved 669696K
  class space    used 20891K, capacity 23014K, committed 23040K, reserved 516096K
}
Event: 515.828 GC heap after
{Heap after GC invocations=168 (full 0):
 garbage-first heap   total 374784K, used 259683K [0x0000000080000000, 0x0000000100000000)
  region size 1024K, 11 young (11264K), 11 survivors (11264K)
 Metaspace       used 169297K, capacity 174893K, committed 175144K, reserved 669696K
  class space    used 20891K, capacity 23014K, committed 23040K, reserved 516096K
}
Event: 516.601 GC heap before
{Heap before GC invocations=168 (full 0):
 garbage-first heap   total 374784K, used 319075K [0x0000000080000000, 0x0000000100000000)
  region size 1024K, 70 young (71680K), 11 survivors (11264K)
 Metaspace       used 171483K, capacity 177265K, committed 177320K, reserved 671744K
  class space    used 21187K, capacity 23403K, committed 23424K, reserved 516096K
}
Event: 516.619 GC heap after
{Heap after GC invocations=169 (full 0):
 garbage-first heap   total 374784K, used 269312K [0x0000000080000000, 0x0000000100000000)
  region size 1024K, 9 young (9216K), 9 survivors (9216K)
 Metaspace       used 171483K, capacity 177265K, committed 177320K, reserved 671744K
  class space    used 21187K, capacity 23403K, committed 23424K, reserved 516096K
}

