# JRE version: OpenJDK Runtime Environment Microsoft-7208460 (11.0.18+10) (build 11.0.18+10-LTS)
# Java VM: OpenJDK 64-Bit Server VM Microsoft-7208460 (11.0.18+10-LTS, mixed mode, tiered, compressed oops, g1 gc, windows-amd64)
Heap:
 garbage-first heap   total 291840K, used 181870K [0x0000000080000000, 0x0000000100000000)
  region size 1024K, 18 young (18432K), 0 survivors (0K)
 Metaspace       used 130165K, capacity 134995K, committed 135172K, reserved 634880K
  class space    used 16700K, capacity 18535K, committed 18560K, reserved 516096K
GC Heap History (20 events):
Event: 115.845 GC heap before
{Heap before GC invocations=50 (full 0):
 garbage-first heap   total 260096K, used 223290K [0x0000000080000000, 0x0000000100000000)
  region size 1024K, 22 young (22528K), 4 survivors (4096K)
 Metaspace       used 126570K, capacity 131100K, committed 131332K, reserved 630784K
  class space    used 16203K, capacity 17965K, committed 18048K, reserved 516096K
}
Event: 115.868 GC heap after
{Heap after GC invocations=51 (full 0):
 garbage-first heap   total 260096K, used 207109K [0x0000000080000000, 0x0000000100000000)
  region size 1024K, 2 young (2048K), 2 survivors (2048K)
 Metaspace       used 126570K, capacity 131100K, committed 131332K, reserved 630784K
  class space    used 16203K, capacity 17965K, committed 18048K, reserved 516096K
}
Event: 117.353 GC heap before
{Heap before GC invocations=52 (full 0):
 garbage-first heap   total 260096K, used 223493K [0x0000000080000000, 0x0000000100000000)
  region size 1024K, 19 young (19456K), 2 survivors (2048K)
 Metaspace       used 126797K, capacity 131292K, committed 131588K, reserved 630784K
  class space    used 16206K, capacity 17963K, committed 18048K, reserved 516096K
}
Event: 117.362 GC heap after
{Heap after GC invocations=53 (full 0):
 garbage-first heap   total 260096K, used 209220K [0x0000000080000000, 0x0000000100000000)
  region size 1024K, 3 young (3072K), 3 survivors (3072K)
 Metaspace       used 126797K, capacity 131292K, committed 131588K, reserved 630784K
  class space    used 16206K, capacity 17963K, committed 18048K, reserved 516096K
}
Event: 117.413 GC heap before
{Heap before GC invocations=53 (full 0):
 garbage-first heap   total 260096K, used 218436K [0x0000000080000000, 0x0000000100000000)
  region size 1024K, 12 young (12288K), 3 survivors (3072K)
 Metaspace       used 126800K, capacity 131293K, committed 131588K, reserved 630784K
  class space    used 16206K, capacity 17963K, committed 18048K, reserved 516096K
}
Event: 117.432 GC heap after
{Heap after GC invocations=54 (full 0):
 garbage-first heap   total 260096K, used 196236K [0x0000000080000000, 0x0000000100000000)
  region size 1024K, 2 young (2048K), 2 survivors (2048K)
 Metaspace       used 126800K, capacity 131293K, committed 131588K, reserved 630784K
  class space    used 16206K, capacity 17963K, committed 18048K, reserved 516096K
}
Event: 119.313 GC heap before
{Heap before GC invocations=54 (full 0):
 garbage-first heap   total 260096K, used 218764K [0x0000000080000000, 0x0000000100000000)
  region size 1024K, 24 young (24576K), 2 survivors (2048K)
 Metaspace       used 127589K, capacity 132061K, committed 132100K, reserved 630784K
  class space    used 16307K, capacity 18044K, committed 18048K, reserved 516096K
}
Event: 119.321 GC heap after
{Heap after GC invocations=55 (full 0):
 garbage-first heap   total 260096K, used 200355K [0x0000000080000000, 0x0000000100000000)
  region size 1024K, 3 young (3072K), 3 survivors (3072K)
 Metaspace       used 127589K, capacity 132061K, committed 132100K, reserved 630784K
  class space    used 16307K, capacity 18044K, committed 18048K, reserved 516096K
}
Event: 121.469 GC heap before
{Heap before GC invocations=55 (full 0):
 garbage-first heap   total 260096K, used 219811K [0x0000000080000000, 0x0000000100000000)
  region size 1024K, 23 young (23552K), 3 survivors (3072K)
 Metaspace       used 128250K, capacity 132877K, committed 132996K, reserved 632832K
  class space    used 16392K, capacity 18169K, committed 18176K, reserved 516096K
}
Event: 121.474 GC heap after
{Heap after GC invocations=56 (full 0):
 garbage-first heap   total 260096K, used 201892K [0x0000000080000000, 0x0000000100000000)
  region size 1024K, 2 young (2048K), 2 survivors (2048K)
 Metaspace       used 128250K, capacity 132877K, committed 132996K, reserved 632832K
  class space    used 16392K, capacity 18169K, committed 18176K, reserved 516096K
}
Event: 121.734 GC heap before
{Heap before GC invocations=56 (full 0):
 garbage-first heap   total 260096K, used 205988K [0x0000000080000000, 0x0000000100000000)
  region size 1024K, 7 young (7168K), 2 survivors (2048K)
 Metaspace       used 128506K, capacity 133101K, committed 133380K, reserved 632832K
  class space    used 16424K, capacity 18201K, committed 18304K, reserved 516096K
}
Event: 122.104 GC heap after
{Heap after GC invocations=57 (full 1):
 garbage-first heap   total 291840K, used 169320K [0x0000000080000000, 0x0000000100000000)
  region size 1024K, 0 young (0K), 0 survivors (0K)
 Metaspace       used 128506K, capacity 133101K, committed 133380K, reserved 632832K
  class space    used 16424K, capacity 18201K, committed 18304K, reserved 516096K
}
Event: 122.192 GC heap before
{Heap before GC invocations=57 (full 1):
 garbage-first heap   total 291840K, used 169320K [0x0000000080000000, 0x0000000100000000)
  region size 1024K, 1 young (1024K), 0 survivors (0K)
 Metaspace       used 128518K, capacity 133102K, committed 133380K, reserved 632832K
  class space    used 16426K, capacity 18201K, committed 18304K, reserved 516096K
}
Event: 122.547 GC heap after
{Heap after GC invocations=58 (full 2):
 garbage-first heap   total 291840K, used 166551K [0x0000000080000000, 0x0000000100000000)
  region size 1024K, 0 young (0K), 0 survivors (0K)
 Metaspace       used 128518K, capacity 133102K, committed 133380K, reserved 632832K
  class space    used 16426K, capacity 18201K, committed 18304K, reserved 516096K
}
Event: 122.566 GC heap before
{Heap before GC invocations=58 (full 2):
 garbage-first heap   total 291840K, used 166551K [0x0000000080000000, 0x0000000100000000)
  region size 1024K, 1 young (1024K), 0 survivors (0K)
 Metaspace       used 128536K, capacity 133102K, committed 133380K, reserved 632832K
  class space    used 16427K, capacity 18201K, committed 18304K, reserved 516096K
}
Event: 122.936 GC heap after
{Heap after GC invocations=59 (full 3):
 garbage-first heap   total 291840K, used 166372K [0x0000000080000000, 0x0000000100000000)
  region size 1024K, 0 young (0K), 0 survivors (0K)
 Metaspace       used 128536K, capacity 133102K, committed 133380K, reserved 632832K
  class space    used 16427K, capacity 18201K, committed 18304K, reserved 516096K
}
Event: 122.966 GC heap before
{Heap before GC invocations=59 (full 3):
 garbage-first heap   total 291840K, used 166372K [0x0000000080000000, 0x0000000100000000)
  region size 1024K, 1 young (1024K), 0 survivors (0K)
 Metaspace       used 128578K, capacity 133198K, committed 133380K, reserved 632832K
  class space    used 16433K, capacity 18233K, committed 18304K, reserved 516096K
}
Event: 123.368 GC heap after
{Heap after GC invocations=60 (full 4):
 garbage-first heap   total 291840K, used 165762K [0x0000000080000000, 0x0000000100000000)
  region size 1024K, 0 young (0K), 0 survivors (0K)
 Metaspace       used 128578K, capacity 133198K, committed 133380K, reserved 632832K
  class space    used 16433K, capacity 18233K, committed 18304K, reserved 516096K
}
Event: 123.383 GC heap before
{Heap before GC invocations=60 (full 4):
 garbage-first heap   total 291840K, used 165762K [0x0000000080000000, 0x0000000100000000)
  region size 1024K, 1 young (1024K), 0 survivors (0K)
 Metaspace       used 128602K, capacity 133198K, committed 133380K, reserved 632832K
  class space    used 16437K, capacity 18233K, committed 18304K, reserved 516096K
}
Event: 123.756 GC heap after
{Heap after GC invocations=61 (full 5):
 garbage-first heap   total 291840K, used 165486K [0x0000000080000000, 0x0000000100000000)
  region size 1024K, 0 young (0K), 0 survivors (0K)
 Metaspace       used 128602K, capacity 133198K, committed 133380K, reserved 632832K
  class space    used 16437K, capacity 18233K, committed 18304K, reserved 516096K
}

