# JRE version: OpenJDK Runtime Environment Microsoft-7208460 (11.0.18+10) (build 11.0.18+10-LTS)
# Java VM: OpenJDK 64-Bit Server VM Microsoft-7208460 (11.0.18+10-LTS, mixed mode, tiered, compressed oops, g1 gc, windows-amd64)
Heap:
 garbage-first heap   total 260096K, used 156672K [0x0000000080000000, 0x0000000100000000)
  region size 1024K, 19 young (19456K), 10 survivors (10240K)
 Metaspace       used 113986K, capacity 118138K, committed 118484K, reserved 618496K
  class space    used 15004K, capacity 16542K, committed 16640K, reserved 516096K
GC Heap History (20 events):
Event: 25.941 GC heap before
{Heap before GC invocations=8 (full 0):
 garbage-first heap   total 260096K, used 94417K [0x0000000080000000, 0x0000000100000000)
  region size 1024K, 68 young (69632K), 15 survivors (15360K)
 Metaspace       used 58490K, capacity 60117K, committed 60296K, reserved 569344K
  class space    used 7628K, capacity 8290K, committed 8320K, reserved 516096K
}
Event: 25.960 GC heap after
{Heap after GC invocations=9 (full 0):
 garbage-first heap   total 260096K, used 44164K [0x0000000080000000, 0x0000000100000000)
  region size 1024K, 11 young (11264K), 11 survivors (11264K)
 Metaspace       used 58490K, capacity 60117K, committed 60296K, reserved 569344K
  class space    used 7628K, capacity 8290K, committed 8320K, reserved 516096K
}
Event: 29.600 GC heap before
{Heap before GC invocations=10 (full 0):
 garbage-first heap   total 260096K, used 185476K [0x0000000080000000, 0x0000000100000000)
  region size 1024K, 150 young (153600K), 11 survivors (11264K)
 Metaspace       used 67655K, capacity 69685K, committed 69972K, reserved 577536K
  class space    used 8901K, capacity 9771K, committed 9856K, reserved 516096K
}
Event: 29.623 GC heap after
{Heap after GC invocations=11 (full 0):
 garbage-first heap   total 260096K, used 49804K [0x0000000080000000, 0x0000000100000000)
  region size 1024K, 16 young (16384K), 16 survivors (16384K)
 Metaspace       used 67655K, capacity 69685K, committed 69972K, reserved 577536K
  class space    used 8901K, capacity 9771K, committed 9856K, reserved 516096K
}
Event: 61.359 GC heap before
{Heap before GC invocations=11 (full 0):
 garbage-first heap   total 260096K, used 193164K [0x0000000080000000, 0x0000000100000000)
  region size 1024K, 152 young (155648K), 16 survivors (16384K)
 Metaspace       used 79631K, capacity 82139K, committed 82388K, reserved 587776K
  class space    used 10409K, capacity 11397K, committed 11520K, reserved 516096K
}
Event: 61.375 GC heap after
{Heap after GC invocations=12 (full 0):
 garbage-first heap   total 260096K, used 64063K [0x0000000080000000, 0x0000000100000000)
  region size 1024K, 19 young (19456K), 19 survivors (19456K)
 Metaspace       used 79631K, capacity 82139K, committed 82388K, reserved 587776K
  class space    used 10409K, capacity 11397K, committed 11520K, reserved 516096K
}
Event: 74.527 GC heap before
{Heap before GC invocations=12 (full 0):
 garbage-first heap   total 260096K, used 205375K [0x0000000080000000, 0x0000000100000000)
  region size 1024K, 150 young (153600K), 19 survivors (19456K)
 Metaspace       used 87418K, capacity 90058K, committed 90324K, reserved 595968K
  class space    used 11398K, capacity 12421K, committed 12544K, reserved 516096K
}
Event: 74.557 GC heap after
{Heap after GC invocations=13 (full 0):
 garbage-first heap   total 260096K, used 75915K [0x0000000080000000, 0x0000000100000000)
  region size 1024K, 13 young (13312K), 13 survivors (13312K)
 Metaspace       used 87418K, capacity 90058K, committed 90324K, reserved 595968K
  class space    used 11398K, capacity 12421K, committed 12544K, reserved 516096K
}
Event: 77.638 GC heap before
{Heap before GC invocations=13 (full 0):
 garbage-first heap   total 260096K, used 199819K [0x0000000080000000, 0x0000000100000000)
  region size 1024K, 134 young (137216K), 13 survivors (13312K)
 Metaspace       used 95193K, capacity 98089K, committed 98260K, reserved 602112K
  class space    used 12615K, capacity 13728K, committed 13824K, reserved 516096K
}
Event: 77.657 GC heap after
{Heap after GC invocations=14 (full 0):
 garbage-first heap   total 260096K, used 86415K [0x0000000080000000, 0x0000000100000000)
  region size 1024K, 11 young (11264K), 11 survivors (11264K)
 Metaspace       used 95193K, capacity 98089K, committed 98260K, reserved 602112K
  class space    used 12615K, capacity 13728K, committed 13824K, reserved 516096K
}
Event: 78.688 GC heap before
{Heap before GC invocations=14 (full 0):
 garbage-first heap   total 260096K, used 157071K [0x0000000080000000, 0x0000000100000000)
  region size 1024K, 76 young (77824K), 11 survivors (11264K)
 Metaspace       used 97684K, capacity 100863K, committed 100948K, reserved 604160K
  class space    used 12938K, capacity 14157K, committed 14208K, reserved 516096K
}
Event: 78.719 GC heap after
{Heap after GC invocations=15 (full 0):
 garbage-first heap   total 260096K, used 103424K [0x0000000080000000, 0x0000000100000000)
  region size 1024K, 11 young (11264K), 11 survivors (11264K)
 Metaspace       used 97684K, capacity 100863K, committed 100948K, reserved 604160K
  class space    used 12938K, capacity 14157K, committed 14208K, reserved 516096K
}
Event: 82.029 GC heap before
{Heap before GC invocations=16 (full 0):
 garbage-first heap   total 260096K, used 203776K [0x0000000080000000, 0x0000000100000000)
  region size 1024K, 109 young (111616K), 11 survivors (11264K)
 Metaspace       used 101928K, capacity 105409K, committed 105684K, reserved 608256K
  class space    used 13480K, capacity 14805K, committed 14848K, reserved 516096K
}
Event: 82.047 GC heap after
{Heap after GC invocations=17 (full 0):
 garbage-first heap   total 260096K, used 113759K [0x0000000080000000, 0x0000000100000000)
  region size 1024K, 11 young (11264K), 11 survivors (11264K)
 Metaspace       used 101928K, capacity 105409K, committed 105684K, reserved 608256K
  class space    used 13480K, capacity 14805K, committed 14848K, reserved 516096K
}
Event: 85.233 GC heap before
{Heap before GC invocations=17 (full 0):
 garbage-first heap   total 260096K, used 208991K [0x0000000080000000, 0x0000000100000000)
  region size 1024K, 100 young (102400K), 11 survivors (11264K)
 Metaspace       used 105710K, capacity 109679K, committed 109908K, reserved 612352K
  class space    used 13947K, capacity 15453K, committed 15488K, reserved 516096K
}
Event: 85.249 GC heap after
{Heap after GC invocations=18 (full 0):
 garbage-first heap   total 260096K, used 130726K [0x0000000080000000, 0x0000000100000000)
  region size 1024K, 12 young (12288K), 12 survivors (12288K)
 Metaspace       used 105710K, capacity 109679K, committed 109908K, reserved 612352K
  class space    used 13947K, capacity 15453K, committed 15488K, reserved 516096K
}
Event: 89.234 GC heap before
{Heap before GC invocations=18 (full 0):
 garbage-first heap   total 260096K, used 208550K [0x0000000080000000, 0x0000000100000000)
  region size 1024K, 88 young (90112K), 12 survivors (12288K)
 Metaspace       used 111725K, capacity 115810K, committed 115924K, reserved 616448K
  class space    used 14763K, capacity 16293K, committed 16384K, reserved 516096K
}
Event: 89.259 GC heap after
{Heap after GC invocations=19 (full 0):
 garbage-first heap   total 260096K, used 138267K [0x0000000080000000, 0x0000000100000000)
  region size 1024K, 8 young (8192K), 8 survivors (8192K)
 Metaspace       used 111725K, capacity 115810K, committed 115924K, reserved 616448K
  class space    used 14763K, capacity 16293K, committed 16384K, reserved 516096K
}
Event: 93.188 GC heap before
{Heap before GC invocations=20 (full 0):
 garbage-first heap   total 260096K, used 209947K [0x0000000080000000, 0x0000000100000000)
  region size 1024K, 78 young (79872K), 8 survivors (8192K)
 Metaspace       used 113940K, capacity 118006K, committed 118228K, reserved 618496K
  class space    used 15004K, capacity 16541K, committed 16640K, reserved 516096K
}
Event: 93.213 GC heap after
{Heap after GC invocations=21 (full 0):
 garbage-first heap   total 260096K, used 148480K [0x0000000080000000, 0x0000000100000000)
  region size 1024K, 10 young (10240K), 10 survivors (10240K)
 Metaspace       used 113940K, capacity 118006K, committed 118228K, reserved 618496K
  class space    used 15004K, capacity 16541K, committed 16640K, reserved 516096K
}

