# JRE version: OpenJDK Runtime Environment Microsoft-7208460 (11.0.18+10) (build 11.0.18+10-LTS)
# Java VM: OpenJDK 64-Bit Server VM Microsoft-7208460 (11.0.18+10-LTS, mixed mode, tiered, compressed oops, g1 gc, windows-amd64)
Heap:
 garbage-first heap   total 260096K, used 101038K [0x0000000080000000, 0x0000000100000000)
  region size 1024K, 84 young (86016K), 2 survivors (2048K)
 Metaspace       used 33711K, capacity 34460K, committed 34608K, reserved 546816K
  class space    used 4350K, capacity 4660K, committed 4736K, reserved 516096K
GC Heap History (6 events):
Event: 0.613 GC heap before
{Heap before GC invocations=0 (full 0):
 garbage-first heap   total 260096K, used 29696K [0x0000000080000000, 0x0000000100000000)
  region size 1024K, 24 young (24576K), 0 survivors (0K)
 Metaspace       used 10062K, capacity 10320K, committed 10368K, reserved 526336K
  class space    used 1019K, capacity 1105K, committed 1152K, reserved 516096K
}
Event: 0.618 GC heap after
{Heap after GC invocations=1 (full 0):
 garbage-first heap   total 260096K, used 9216K [0x0000000080000000, 0x0000000100000000)
  region size 1024K, 3 young (3072K), 3 survivors (3072K)
 Metaspace       used 10062K, capacity 10320K, committed 10368K, reserved 526336K
  class space    used 1019K, capacity 1105K, committed 1152K, reserved 516096K
}
Event: 2.407 GC heap before
{Heap before GC invocations=1 (full 0):
 garbage-first heap   total 260096K, used 105472K [0x0000000080000000, 0x0000000100000000)
  region size 1024K, 97 young (99328K), 3 survivors (3072K)
 Metaspace       used 20730K, capacity 21241K, committed 21296K, reserved 536576K
  class space    used 2499K, capacity 2668K, committed 2688K, reserved 516096K
}
Event: 2.418 GC heap after
{Heap after GC invocations=2 (full 0):
 garbage-first heap   total 260096K, used 16868K [0x0000000080000000, 0x0000000100000000)
  region size 1024K, 11 young (11264K), 11 survivors (11264K)
 Metaspace       used 20730K, capacity 21241K, committed 21296K, reserved 536576K
  class space    used 2499K, capacity 2668K, committed 2688K, reserved 516096K
}
Event: 2.726 GC heap before
{Heap before GC invocations=3 (full 0):
 garbage-first heap   total 260096K, used 51684K [0x0000000080000000, 0x0000000100000000)
  region size 1024K, 45 young (46080K), 11 survivors (11264K)
 Metaspace       used 24050K, capacity 24638K, committed 24752K, reserved 538624K
  class space    used 3037K, capacity 3252K, committed 3328K, reserved 516096K
}
Event: 2.732 GC heap after
{Heap after GC invocations=4 (full 0):
 garbage-first heap   total 260096K, used 18094K [0x0000000080000000, 0x0000000100000000)
  region size 1024K, 2 young (2048K), 2 survivors (2048K)
 Metaspace       used 24050K, capacity 24638K, committed 24752K, reserved 538624K
  class space    used 3037K, capacity 3252K, committed 3328K, reserved 516096K
}

