# JRE version: OpenJDK Runtime Environment Microsoft-7208460 (11.0.18+10) (build 11.0.18+10-LTS)
# Java VM: OpenJDK 64-Bit Server VM Microsoft-7208460 (11.0.18+10-LTS, mixed mode, tiered, compressed oops, g1 gc, windows-amd64)
Heap:
 garbage-first heap   total 260096K, used 217351K [0x0000000080000000, 0x0000000100000000)
  region size 1024K, 6 young (6144K), 3 survivors (3072K)
 Metaspace       used 133016K, capacity 137888K, committed 137936K, reserved 634880K
  class space    used 17431K, capacity 19325K, committed 19328K, reserved 516096K
GC Heap History (20 events):
Event: 58.358 GC heap after
{Heap after GC invocations=43 (full 0):
 garbage-first heap   total 260096K, used 196448K [0x0000000080000000, 0x0000000100000000)
  region size 1024K, 4 young (4096K), 4 survivors (4096K)
 Metaspace       used 119470K, capacity 123658K, committed 123984K, reserved 624640K
  class space    used 15546K, capacity 17214K, committed 17408K, reserved 516096K
}
Event: 58.941 GC heap before
{Heap before GC invocations=44 (full 0):
 garbage-first heap   total 260096K, used 211808K [0x0000000080000000, 0x0000000100000000)
  region size 1024K, 21 young (21504K), 4 survivors (4096K)
 Metaspace       used 120250K, capacity 124586K, committed 124752K, reserved 624640K
  class space    used 15648K, capacity 17353K, committed 17408K, reserved 516096K
}
Event: 58.947 GC heap after
{Heap after GC invocations=45 (full 0):
 garbage-first heap   total 260096K, used 197472K [0x0000000080000000, 0x0000000100000000)
  region size 1024K, 1 young (1024K), 1 survivors (1024K)
 Metaspace       used 120250K, capacity 124586K, committed 124752K, reserved 624640K
  class space    used 15648K, capacity 17353K, committed 17408K, reserved 516096K
}
Event: 59.110 GC heap before
{Heap before GC invocations=45 (full 0):
 garbage-first heap   total 260096K, used 228192K [0x0000000080000000, 0x0000000100000000)
  region size 1024K, 28 young (28672K), 1 survivors (1024K)
 Metaspace       used 120387K, capacity 124692K, committed 124880K, reserved 624640K
  class space    used 15678K, capacity 17388K, committed 17536K, reserved 516096K
}
Event: 59.114 GC heap after
{Heap after GC invocations=46 (full 0):
 garbage-first heap   total 260096K, used 198779K [0x0000000080000000, 0x0000000100000000)
  region size 1024K, 3 young (3072K), 3 survivors (3072K)
 Metaspace       used 120387K, capacity 124692K, committed 124880K, reserved 624640K
  class space    used 15678K, capacity 17388K, committed 17536K, reserved 516096K
}
Event: 59.295 GC heap before
{Heap before GC invocations=47 (full 0):
 garbage-first heap   total 260096K, used 228475K [0x0000000080000000, 0x0000000100000000)
  region size 1024K, 29 young (29696K), 3 survivors (3072K)
 Metaspace       used 120394K, capacity 124692K, committed 124880K, reserved 624640K
  class space    used 15678K, capacity 17388K, committed 17536K, reserved 516096K
}
Event: 59.299 GC heap after
{Heap after GC invocations=48 (full 0):
 garbage-first heap   total 260096K, used 200284K [0x0000000080000000, 0x0000000100000000)
  region size 1024K, 4 young (4096K), 4 survivors (4096K)
 Metaspace       used 120394K, capacity 124692K, committed 124880K, reserved 624640K
  class space    used 15678K, capacity 17388K, committed 17536K, reserved 516096K
}
Event: 59.454 GC heap before
{Heap before GC invocations=48 (full 0):
 garbage-first heap   total 260096K, used 224860K [0x0000000080000000, 0x0000000100000000)
  region size 1024K, 29 young (29696K), 4 survivors (4096K)
 Metaspace       used 120483K, capacity 124765K, committed 125136K, reserved 624640K
  class space    used 15686K, capacity 17388K, committed 17536K, reserved 516096K
}
Event: 59.460 GC heap after
{Heap after GC invocations=49 (full 0):
 garbage-first heap   total 260096K, used 201687K [0x0000000080000000, 0x0000000100000000)
  region size 1024K, 3 young (3072K), 3 survivors (3072K)
 Metaspace       used 120483K, capacity 124765K, committed 125136K, reserved 624640K
  class space    used 15686K, capacity 17388K, committed 17536K, reserved 516096K
}
Event: 59.743 GC heap before
{Heap before GC invocations=49 (full 0):
 garbage-first heap   total 260096K, used 232407K [0x0000000080000000, 0x0000000100000000)
  region size 1024K, 28 young (28672K), 3 survivors (3072K)
 Metaspace       used 122228K, capacity 126796K, committed 127056K, reserved 626688K
  class space    used 15889K, capacity 17649K, committed 17664K, reserved 516096K
}
Event: 59.750 GC heap after
{Heap after GC invocations=50 (full 0):
 garbage-first heap   total 260096K, used 205950K [0x0000000080000000, 0x0000000100000000)
  region size 1024K, 4 young (4096K), 4 survivors (4096K)
 Metaspace       used 122228K, capacity 126796K, committed 127056K, reserved 626688K
  class space    used 15889K, capacity 17649K, committed 17664K, reserved 516096K
}
Event: 59.947 GC heap before
{Heap before GC invocations=51 (full 0):
 garbage-first heap   total 260096K, used 226430K [0x0000000080000000, 0x0000000100000000)
  region size 1024K, 25 young (25600K), 4 survivors (4096K)
 Metaspace       used 123128K, capacity 127699K, committed 127952K, reserved 626688K
  class space    used 16018K, capacity 17779K, committed 17792K, reserved 516096K
}
Event: 59.953 GC heap after
{Heap after GC invocations=52 (full 0):
 garbage-first heap   total 260096K, used 208681K [0x0000000080000000, 0x0000000100000000)
  region size 1024K, 3 young (3072K), 3 survivors (3072K)
 Metaspace       used 123128K, capacity 127699K, committed 127952K, reserved 626688K
  class space    used 16018K, capacity 17779K, committed 17792K, reserved 516096K
}
Event: 60.251 GC heap before
{Heap before GC invocations=52 (full 0):
 garbage-first heap   total 260096K, used 227113K [0x0000000080000000, 0x0000000100000000)
  region size 1024K, 22 young (22528K), 3 survivors (3072K)
 Metaspace       used 126154K, capacity 130778K, committed 131024K, reserved 630784K
  class space    used 16405K, capacity 18212K, committed 18304K, reserved 516096K
}
Event: 60.258 GC heap after
{Heap after GC invocations=53 (full 0):
 garbage-first heap   total 260096K, used 210899K [0x0000000080000000, 0x0000000100000000)
  region size 1024K, 3 young (3072K), 3 survivors (3072K)
 Metaspace       used 126154K, capacity 130778K, committed 131024K, reserved 630784K
  class space    used 16405K, capacity 18212K, committed 18304K, reserved 516096K
}
Event: 60.681 GC heap before
{Heap before GC invocations=54 (full 0):
 garbage-first heap   total 260096K, used 227283K [0x0000000080000000, 0x0000000100000000)
  region size 1024K, 19 young (19456K), 3 survivors (3072K)
 Metaspace       used 129023K, capacity 133794K, committed 133968K, reserved 632832K
  class space    used 16801K, capacity 18670K, committed 18688K, reserved 516096K
}
Event: 60.685 GC heap after
{Heap after GC invocations=55 (full 0):
 garbage-first heap   total 260096K, used 212146K [0x0000000080000000, 0x0000000100000000)
  region size 1024K, 2 young (2048K), 2 survivors (2048K)
 Metaspace       used 129023K, capacity 133794K, committed 133968K, reserved 632832K
  class space    used 16801K, capacity 18670K, committed 18688K, reserved 516096K
}
Event: 61.008 GC heap before
{Heap before GC invocations=55 (full 0):
 garbage-first heap   total 260096K, used 228530K [0x0000000080000000, 0x0000000100000000)
  region size 1024K, 18 young (18432K), 2 survivors (2048K)
 Metaspace       used 131806K, capacity 136647K, committed 136784K, reserved 634880K
  class space    used 17272K, capacity 19176K, committed 19200K, reserved 516096K
}
Event: 61.013 GC heap after
{Heap after GC invocations=56 (full 0):
 garbage-first heap   total 260096K, used 213401K [0x0000000080000000, 0x0000000100000000)
  region size 1024K, 3 young (3072K), 3 survivors (3072K)
 Metaspace       used 131806K, capacity 136647K, committed 136784K, reserved 634880K
  class space    used 17272K, capacity 19176K, committed 19200K, reserved 516096K
}
Event: 61.351 GC heap before
{Heap before GC invocations=57 (full 0):
 garbage-first heap   total 260096K, used 228761K [0x0000000080000000, 0x0000000100000000)
  region size 1024K, 18 young (18432K), 3 survivors (3072K)
 Metaspace       used 132899K, capacity 137717K, committed 137936K, reserved 634880K
  class space    used 17420K, capacity 19291K, committed 19328K, reserved 516096K
}

