# JRE version: OpenJDK Runtime Environment Microsoft-7208460 (11.0.18+10) (build 11.0.18+10-LTS)
# Java VM: OpenJDK 64-Bit Server VM Microsoft-7208460 (11.0.18+10-LTS, mixed mode, tiered, compressed oops, g1 gc, windows-amd64)
Heap:
 garbage-first heap   total 374784K, used 264363K [0x0000000080000000, 0x0000000100000000)
  region size 1024K, 26 young (26624K), 4 survivors (4096K)
 Metaspace       used 127066K, capacity 131914K, committed 132136K, reserved 630784K
  class space    used 16482K, capacity 18388K, committed 18432K, reserved 516096K
GC Heap History (20 events):
Event: 57.900 GC heap before
{Heap before GC invocations=58 (full 0):
 garbage-first heap   total 260096K, used 227244K [0x0000000080000000, 0x0000000100000000)
  region size 1024K, 12 young (12288K), 2 survivors (2048K)
 Metaspace       used 123922K, capacity 128730K, committed 129320K, reserved 628736K
  class space    used 16109K, capacity 17991K, committed 18176K, reserved 516096K
}
Event: 57.907 GC heap after
{Heap after GC invocations=59 (full 0):
 garbage-first heap   total 260096K, used 218807K [0x0000000080000000, 0x0000000100000000)
  region size 1024K, 1 young (1024K), 1 survivors (1024K)
 Metaspace       used 123922K, capacity 128730K, committed 129320K, reserved 628736K
  class space    used 16109K, capacity 17991K, committed 18176K, reserved 516096K
}
Event: 58.357 GC heap before
{Heap before GC invocations=60 (full 0):
 garbage-first heap   total 260096K, used 233143K [0x0000000080000000, 0x0000000100000000)
  region size 1024K, 12 young (12288K), 1 survivors (1024K)
 Metaspace       used 124006K, capacity 128772K, committed 129320K, reserved 628736K
  class space    used 16115K, capacity 18002K, committed 18176K, reserved 516096K
}
Event: 58.362 GC heap after
{Heap after GC invocations=61 (full 0):
 garbage-first heap   total 260096K, used 223624K [0x0000000080000000, 0x0000000100000000)
  region size 1024K, 2 young (2048K), 2 survivors (2048K)
 Metaspace       used 124006K, capacity 128772K, committed 129320K, reserved 628736K
  class space    used 16115K, capacity 18002K, committed 18176K, reserved 516096K
}
Event: 58.433 GC heap before
{Heap before GC invocations=61 (full 0):
 garbage-first heap   total 260096K, used 232840K [0x0000000080000000, 0x0000000100000000)
  region size 1024K, 12 young (12288K), 2 survivors (2048K)
 Metaspace       used 124049K, capacity 128848K, committed 129320K, reserved 628736K
  class space    used 16115K, capacity 18002K, committed 18176K, reserved 516096K
}
Event: 58.442 GC heap after
{Heap after GC invocations=62 (full 0):
 garbage-first heap   total 312320K, used 219744K [0x0000000080000000, 0x0000000100000000)
  region size 1024K, 2 young (2048K), 2 survivors (2048K)
 Metaspace       used 124049K, capacity 128848K, committed 129320K, reserved 628736K
  class space    used 16115K, capacity 18002K, committed 18176K, reserved 516096K
}
Event: 58.730 GC heap before
{Heap before GC invocations=62 (full 0):
 garbage-first heap   total 312320K, used 258656K [0x0000000080000000, 0x0000000100000000)
  region size 1024K, 33 young (33792K), 2 survivors (2048K)
 Metaspace       used 124078K, capacity 128851K, committed 129320K, reserved 628736K
  class space    used 16116K, capacity 18002K, committed 18176K, reserved 516096K
}
Event: 58.737 GC heap after
{Heap after GC invocations=63 (full 0):
 garbage-first heap   total 312320K, used 222300K [0x0000000080000000, 0x0000000100000000)
  region size 1024K, 4 young (4096K), 4 survivors (4096K)
 Metaspace       used 124078K, capacity 128851K, committed 129320K, reserved 628736K
  class space    used 16116K, capacity 18002K, committed 18176K, reserved 516096K
}
Event: 59.252 GC heap before
{Heap before GC invocations=63 (full 0):
 garbage-first heap   total 312320K, used 258140K [0x0000000080000000, 0x0000000100000000)
  region size 1024K, 36 young (36864K), 4 survivors (4096K)
 Metaspace       used 124262K, capacity 129192K, committed 129576K, reserved 628736K
  class space    used 16140K, capacity 18037K, committed 18176K, reserved 516096K
}
Event: 59.260 GC heap after
{Heap after GC invocations=64 (full 0):
 garbage-first heap   total 312320K, used 224918K [0x0000000080000000, 0x0000000100000000)
  region size 1024K, 3 young (3072K), 3 survivors (3072K)
 Metaspace       used 124262K, capacity 129192K, committed 129576K, reserved 628736K
  class space    used 16140K, capacity 18037K, committed 18176K, reserved 516096K
}
Event: 59.644 GC heap before
{Heap before GC invocations=64 (full 0):
 garbage-first heap   total 312320K, used 257686K [0x0000000080000000, 0x0000000100000000)
  region size 1024K, 36 young (36864K), 3 survivors (3072K)
 Metaspace       used 124649K, capacity 129554K, committed 129960K, reserved 628736K
  class space    used 16201K, capacity 18072K, committed 18304K, reserved 516096K
}
Event: 59.649 GC heap after
{Heap after GC invocations=65 (full 0):
 garbage-first heap   total 312320K, used 226716K [0x0000000080000000, 0x0000000100000000)
  region size 1024K, 5 young (5120K), 5 survivors (5120K)
 Metaspace       used 124649K, capacity 129554K, committed 129960K, reserved 628736K
  class space    used 16201K, capacity 18072K, committed 18304K, reserved 516096K
}
Event: 60.244 GC heap before
{Heap before GC invocations=65 (full 0):
 garbage-first heap   total 312320K, used 259484K [0x0000000080000000, 0x0000000100000000)
  region size 1024K, 38 young (38912K), 5 survivors (5120K)
 Metaspace       used 125609K, capacity 130537K, committed 130728K, reserved 628736K
  class space    used 16314K, capacity 18179K, committed 18304K, reserved 516096K
}
Event: 60.252 GC heap after
{Heap after GC invocations=66 (full 0):
 garbage-first heap   total 312320K, used 231272K [0x0000000080000000, 0x0000000100000000)
  region size 1024K, 5 young (5120K), 5 survivors (5120K)
 Metaspace       used 125609K, capacity 130537K, committed 130728K, reserved 628736K
  class space    used 16314K, capacity 18179K, committed 18304K, reserved 516096K
}
Event: 60.638 GC heap before
{Heap before GC invocations=66 (full 0):
 garbage-first heap   total 312320K, used 263015K [0x0000000080000000, 0x0000000100000000)
  region size 1024K, 37 young (37888K), 5 survivors (5120K)
 Metaspace       used 126340K, capacity 131205K, committed 131368K, reserved 630784K
  class space    used 16397K, capacity 18291K, committed 18432K, reserved 516096K
}
Event: 60.646 GC heap after
{Heap after GC invocations=67 (full 0):
 garbage-first heap   total 374784K, used 235253K [0x0000000080000000, 0x0000000100000000)
  region size 1024K, 4 young (4096K), 4 survivors (4096K)
 Metaspace       used 126340K, capacity 131205K, committed 131368K, reserved 630784K
  class space    used 16397K, capacity 18291K, committed 18432K, reserved 516096K
}
Event: 61.173 GC heap before
{Heap before GC invocations=67 (full 0):
 garbage-first heap   total 374784K, used 296693K [0x0000000080000000, 0x0000000100000000)
  region size 1024K, 57 young (58368K), 4 survivors (4096K)
 Metaspace       used 126901K, capacity 131834K, committed 132136K, reserved 630784K
  class space    used 16468K, capacity 18385K, committed 18432K, reserved 516096K
}
Event: 61.179 GC heap after
{Heap after GC invocations=68 (full 0):
 garbage-first heap   total 374784K, used 240608K [0x0000000080000000, 0x0000000100000000)
  region size 1024K, 8 young (8192K), 8 survivors (8192K)
 Metaspace       used 126901K, capacity 131834K, committed 132136K, reserved 630784K
  class space    used 16468K, capacity 18385K, committed 18432K, reserved 516096K
}
Event: 61.429 GC heap before
{Heap before GC invocations=68 (full 0):
 garbage-first heap   total 374784K, used 298976K [0x0000000080000000, 0x0000000100000000)
  region size 1024K, 62 young (63488K), 8 survivors (8192K)
 Metaspace       used 126929K, capacity 131837K, committed 132136K, reserved 630784K
  class space    used 16469K, capacity 18385K, committed 18432K, reserved 516096K
}
Event: 61.437 GC heap after
{Heap after GC invocations=69 (full 0):
 garbage-first heap   total 374784K, used 243883K [0x0000000080000000, 0x0000000100000000)
  region size 1024K, 4 young (4096K), 4 survivors (4096K)
 Metaspace       used 126929K, capacity 131837K, committed 132136K, reserved 630784K
  class space    used 16469K, capacity 18385K, committed 18432K, reserved 516096K
}

