# JRE version: OpenJDK Runtime Environment Microsoft-7208460 (11.0.18+10) (build 11.0.18+10-LTS)
# Java VM: OpenJDK 64-Bit Server VM Microsoft-7208460 (11.0.18+10-LTS, mixed mode, tiered, compressed oops, g1 gc, windows-amd64)
Heap:
 garbage-first heap   total 65536K, used 10863K [0x00000000fc000000, 0x0000000100000000)
  region size 1024K, 1 young (1024K), 1 survivors (1024K)
 Metaspace       used 15623K, capacity 15950K, committed 16000K, reserved 1071104K
  class space    used 1756K, capacity 1871K, committed 1920K, reserved 1048576K
GC Heap History (6 events):
Event: 1.046 GC heap before
{Heap before GC invocations=0 (full 0):
 garbage-first heap   total 65536K, used 29696K [0x00000000fc000000, 0x0000000100000000)
  region size 1024K, 24 young (24576K), 0 survivors (0K)
 Metaspace       used 10577K, capacity 10910K, committed 11264K, reserved 1058816K
  class space    used 1067K, capacity 1165K, committed 1280K, reserved 1048576K
}
Event: 1.052 GC heap after
{Heap after GC invocations=1 (full 0):
 garbage-first heap   total 65536K, used 9596K [0x00000000fc000000, 0x0000000100000000)
  region size 1024K, 3 young (3072K), 3 survivors (3072K)
 Metaspace       used 10577K, capacity 10910K, committed 11264K, reserved 1058816K
  class space    used 1067K, capacity 1165K, committed 1280K, reserved 1048576K
}
Event: 49.747 GC heap before
{Heap before GC invocations=1 (full 0):
 garbage-first heap   total 65536K, used 35196K [0x00000000fc000000, 0x0000000100000000)
  region size 1024K, 28 young (28672K), 3 survivors (3072K)
 Metaspace       used 15593K, capacity 15950K, committed 16000K, reserved 1062912K
  class space    used 1755K, capacity 1871K, committed 1920K, reserved 1048576K
}
Event: 49.750 GC heap after
{Heap after GC invocations=2 (full 0):
 garbage-first heap   total 65536K, used 10915K [0x00000000fc000000, 0x0000000100000000)
  region size 1024K, 1 young (1024K), 1 survivors (1024K)
 Metaspace       used 15593K, capacity 15950K, committed 16000K, reserved 1062912K
  class space    used 1755K, capacity 1871K, committed 1920K, reserved 1048576K
}
Event: 83.498 GC heap before
{Heap before GC invocations=2 (full 0):
 garbage-first heap   total 65536K, used 10915K [0x00000000fc000000, 0x0000000100000000)
  region size 1024K, 2 young (2048K), 1 survivors (1024K)
 Metaspace       used 15623K, capacity 15950K, committed 16000K, reserved 1069056K
  class space    used 1756K, capacity 1871K, committed 1920K, reserved 1048576K
}
Event: 83.501 GC heap after
{Heap after GC invocations=3 (full 0):
 garbage-first heap   total 65536K, used 10863K [0x00000000fc000000, 0x0000000100000000)
  region size 1024K, 1 young (1024K), 1 survivors (1024K)
 Metaspace       used 15623K, capacity 15950K, committed 16000K, reserved 1069056K
  class space    used 1756K, capacity 1871K, committed 1920K, reserved 1048576K
}

