# JRE version: OpenJDK Runtime Environment Microsoft-7208460 (11.0.18+10) (build 11.0.18+10-LTS)
# Java VM: OpenJDK 64-Bit Server VM Microsoft-7208460 (11.0.18+10-LTS, mixed mode, tiered, compressed oops, g1 gc, windows-amd64)
Heap:
 garbage-first heap   total 389120K, used 78898K [0x0000000702000000, 0x0000000800000000)
  region size 1024K, 9 young (9216K), 9 survivors (9216K)
 Metaspace       used 71290K, capacity 72203K, committed 72352K, reserved 1114112K
  class space    used 7757K, capacity 8126K, committed 8192K, reserved 1048576K
GC Heap History (19 events):
Event: 0.465 GC heap before
{Heap before GC invocations=0 (full 0):
 garbage-first heap   total 260096K, used 27648K [0x0000000702000000, 0x0000000800000000)
  region size 1024K, 24 young (24576K), 0 survivors (0K)
 Metaspace       used 12366K, capacity 12504K, committed 12800K, reserved 1060864K
  class space    used 1150K, capacity 1207K, committed 1280K, reserved 1048576K
}
Event: 0.467 GC heap after
{Heap after GC invocations=1 (full 0):
 garbage-first heap   total 260096K, used 5822K [0x0000000702000000, 0x0000000800000000)
  region size 1024K, 3 young (3072K), 3 survivors (3072K)
 Metaspace       used 12366K, capacity 12504K, committed 12800K, reserved 1060864K
  class space    used 1150K, capacity 1207K, committed 1280K, reserved 1048576K
}
Event: 1.093 GC heap before
{Heap before GC invocations=1 (full 0):
 garbage-first heap   total 260096K, used 41662K [0x0000000702000000, 0x0000000800000000)
  region size 1024K, 39 young (39936K), 3 survivors (3072K)
 Metaspace       used 20952K, capacity 21118K, committed 21248K, reserved 1069056K
  class space    used 2215K, capacity 2280K, committed 2304K, reserved 1048576K
}
Event: 1.104 GC heap after
{Heap after GC invocations=2 (full 0):
 garbage-first heap   total 260096K, used 9388K [0x0000000702000000, 0x0000000800000000)
  region size 1024K, 7 young (7168K), 7 survivors (7168K)
 Metaspace       used 20952K, capacity 21118K, committed 21248K, reserved 1069056K
  class space    used 2215K, capacity 2280K, committed 2304K, reserved 1048576K
}
Event: 1.936 GC heap before
{Heap before GC invocations=3 (full 0):
 garbage-first heap   total 260096K, used 65708K [0x0000000702000000, 0x0000000800000000)
  region size 1024K, 57 young (58368K), 7 survivors (7168K)
 Metaspace       used 32775K, capacity 33247K, committed 33536K, reserved 1079296K
  class space    used 4063K, capacity 4246K, committed 4352K, reserved 1048576K
}
Event: 1.947 GC heap after
{Heap after GC invocations=4 (full 0):
 garbage-first heap   total 260096K, used 20682K [0x0000000702000000, 0x0000000800000000)
  region size 1024K, 8 young (8192K), 8 survivors (8192K)
 Metaspace       used 32775K, capacity 33247K, committed 33536K, reserved 1079296K
  class space    used 4063K, capacity 4246K, committed 4352K, reserved 1048576K
}
Event: 2.130 GC heap before
{Heap before GC invocations=4 (full 0):
 garbage-first heap   total 260096K, used 31946K [0x0000000702000000, 0x0000000800000000)
  region size 1024K, 20 young (20480K), 8 survivors (8192K)
 Metaspace       used 35113K, capacity 35530K, committed 35628K, reserved 1081344K
  class space    used 4302K, capacity 4474K, committed 4480K, reserved 1048576K
}
Event: 2.138 GC heap after
{Heap after GC invocations=5 (full 0):
 garbage-first heap   total 260096K, used 20567K [0x0000000702000000, 0x0000000800000000)
  region size 1024K, 10 young (10240K), 10 survivors (10240K)
 Metaspace       used 35113K, capacity 35530K, committed 35628K, reserved 1081344K
  class space    used 4302K, capacity 4474K, committed 4480K, reserved 1048576K
}
Event: 2.347 GC heap before
{Heap before GC invocations=6 (full 0):
 garbage-first heap   total 260096K, used 34903K [0x0000000702000000, 0x0000000800000000)
  region size 1024K, 24 young (24576K), 10 survivors (10240K)
 Metaspace       used 37719K, capacity 38146K, committed 38400K, reserved 1083392K
  class space    used 4593K, capacity 4768K, committed 4864K, reserved 1048576K
}
Event: 2.355 GC heap after
{Heap after GC invocations=7 (full 0):
 garbage-first heap   total 260096K, used 21831K [0x0000000702000000, 0x0000000800000000)
  region size 1024K, 3 young (3072K), 3 survivors (3072K)
 Metaspace       used 37719K, capacity 38146K, committed 38400K, reserved 1083392K
  class space    used 4593K, capacity 4768K, committed 4864K, reserved 1048576K
}
Event: 4.442 GC heap before
{Heap before GC invocations=7 (full 0):
 garbage-first heap   total 260096K, used 132423K [0x0000000702000000, 0x0000000800000000)
  region size 1024K, 108 young (110592K), 3 survivors (3072K)
 Metaspace       used 54960K, capacity 55658K, committed 55808K, reserved 1097728K
  class space    used 6329K, capacity 6616K, committed 6656K, reserved 1048576K
}
Event: 4.453 GC heap after
{Heap after GC invocations=8 (full 0):
 garbage-first heap   total 312320K, used 34371K [0x0000000702000000, 0x0000000800000000)
  region size 1024K, 14 young (14336K), 14 survivors (14336K)
 Metaspace       used 54960K, capacity 55658K, committed 55808K, reserved 1097728K
  class space    used 6329K, capacity 6616K, committed 6656K, reserved 1048576K
}
Event: 5.123 GC heap before
{Heap before GC invocations=8 (full 0):
 garbage-first heap   total 312320K, used 67139K [0x0000000702000000, 0x0000000800000000)
  region size 1024K, 47 young (48128K), 14 survivors (14336K)
 Metaspace       used 59092K, capacity 59837K, committed 59936K, reserved 1101824K
  class space    used 6904K, capacity 7233K, committed 7296K, reserved 1048576K
}
Event: 5.160 GC heap after
{Heap after GC invocations=9 (full 0):
 garbage-first heap   total 312320K, used 39880K [0x0000000702000000, 0x0000000800000000)
  region size 1024K, 6 young (6144K), 6 survivors (6144K)
 Metaspace       used 59092K, capacity 59837K, committed 59936K, reserved 1101824K
  class space    used 6904K, capacity 7233K, committed 7296K, reserved 1048576K
}
Event: 7.593 GC heap before
{Heap before GC invocations=10 (full 0):
 garbage-first heap   total 312320K, used 173000K [0x0000000702000000, 0x0000000800000000)
  region size 1024K, 136 young (139264K), 6 survivors (6144K)
 Metaspace       used 66197K, capacity 67082K, committed 67104K, reserved 1107968K
  class space    used 7456K, capacity 7801K, committed 7808K, reserved 1048576K
}
Event: 7.611 GC heap after
{Heap after GC invocations=11 (full 0):
 garbage-first heap   total 312320K, used 56108K [0x0000000702000000, 0x0000000800000000)
  region size 1024K, 17 young (17408K), 17 survivors (17408K)
 Metaspace       used 66197K, capacity 67082K, committed 67104K, reserved 1107968K
  class space    used 7456K, capacity 7801K, committed 7808K, reserved 1048576K
}
Event: 11.127 GC heap before
{Heap before GC invocations=11 (full 0):
 garbage-first heap   total 312320K, used 198444K [0x0000000702000000, 0x0000000800000000)
  region size 1024K, 153 young (156672K), 17 survivors (17408K)
 Metaspace       used 69973K, capacity 70886K, committed 70944K, reserved 1112064K
  class space    used 7690K, capacity 8055K, committed 8064K, reserved 1048576K
}
Event: 11.155 GC heap after
{Heap after GC invocations=12 (full 0):
 garbage-first heap   total 312320K, used 70197K [0x0000000702000000, 0x0000000800000000)
  region size 1024K, 12 young (12288K), 12 survivors (12288K)
 Metaspace       used 69973K, capacity 70886K, committed 70944K, reserved 1112064K
  class space    used 7690K, capacity 8055K, committed 8064K, reserved 1048576K
}
Event: 13.528 GC heap before
{Heap before GC invocations=12 (full 0):
 garbage-first heap   total 312320K, used 211509K [0x0000000702000000, 0x0000000800000000)
  region size 1024K, 150 young (153600K), 12 survivors (12288K)
 Metaspace       used 71290K, capacity 72203K, committed 72352K, reserved 1114112K
  class space    used 7757K, capacity 8126K, committed 8192K, reserved 1048576K
}

