# JRE version: OpenJDK Runtime Environment Microsoft-7208460 (11.0.18+10) (build 11.0.18+10-LTS)
# Java VM: OpenJDK 64-Bit Server VM Microsoft-7208460 (11.0.18+10-LTS, mixed mode, tiered, compressed oops, g1 gc, windows-amd64)
Heap:
 garbage-first heap   total 374784K, used 292358K [0x0000000080000000, 0x0000000100000000)
  region size 1024K, 7 young (7168K), 2 survivors (2048K)
 Metaspace       used 218894K, capacity 227145K, committed 227880K, reserved 712704K
  class space    used 28043K, capacity 31151K, committed 31448K, reserved 516096K
GC Heap History (20 events):
Event: 212.339 GC heap before
{Heap before GC invocations=143 (full 0):
 garbage-first heap   total 374784K, used 321393K [0x0000000080000000, 0x0000000100000000)
  region size 1024K, 42 young (43008K), 3 survivors (3072K)
 Metaspace       used 218463K, capacity 226955K, committed 227112K, reserved 712704K
  class space    used 28128K, capacity 31335K, committed 31448K, reserved 516096K
}
Event: 212.343 GC heap after
{Heap after GC invocations=144 (full 0):
 garbage-first heap   total 374784K, used 279831K [0x0000000080000000, 0x0000000100000000)
  region size 1024K, 3 young (3072K), 3 survivors (3072K)
 Metaspace       used 218463K, capacity 226955K, committed 227112K, reserved 712704K
  class space    used 28128K, capacity 31335K, committed 31448K, reserved 516096K
}
Event: 212.466 GC heap before
{Heap before GC invocations=144 (full 0):
 garbage-first heap   total 374784K, used 284951K [0x0000000080000000, 0x0000000100000000)
  region size 1024K, 9 young (9216K), 3 survivors (3072K)
 Metaspace       used 218542K, capacity 227020K, committed 227368K, reserved 712704K
  class space    used 28138K, capacity 31335K, committed 31448K, reserved 516096K
}
Event: 212.471 GC heap after
{Heap after GC invocations=145 (full 0):
 garbage-first heap   total 374784K, used 279972K [0x0000000080000000, 0x0000000100000000)
  region size 1024K, 3 young (3072K), 3 survivors (3072K)
 Metaspace       used 218542K, capacity 227020K, committed 227368K, reserved 712704K
  class space    used 28138K, capacity 31335K, committed 31448K, reserved 516096K
}
Event: 213.267 GC heap before
{Heap before GC invocations=146 (full 0):
 garbage-first heap   total 374784K, used 317860K [0x0000000080000000, 0x0000000100000000)
  region size 1024K, 39 young (39936K), 3 survivors (3072K)
 Metaspace       used 218309K, capacity 226528K, committed 227368K, reserved 712704K
  class space    used 28014K, capacity 31112K, committed 31448K, reserved 516096K
}
Event: 213.276 GC heap after
{Heap after GC invocations=147 (full 0):
 garbage-first heap   total 374784K, used 289159K [0x0000000080000000, 0x0000000100000000)
  region size 1024K, 5 young (5120K), 5 survivors (5120K)
 Metaspace       used 218309K, capacity 226528K, committed 227368K, reserved 712704K
  class space    used 28014K, capacity 31112K, committed 31448K, reserved 516096K
}
Event: 213.579 GC heap before
{Heap before GC invocations=147 (full 0):
 garbage-first heap   total 374784K, used 301447K [0x0000000080000000, 0x0000000100000000)
  region size 1024K, 18 young (18432K), 5 survivors (5120K)
 Metaspace       used 218354K, capacity 226593K, committed 227368K, reserved 712704K
  class space    used 28014K, capacity 31112K, committed 31448K, reserved 516096K
}
Event: 213.595 GC heap after
{Heap after GC invocations=148 (full 0):
 garbage-first heap   total 374784K, used 283845K [0x0000000080000000, 0x0000000100000000)
  region size 1024K, 2 young (2048K), 2 survivors (2048K)
 Metaspace       used 218354K, capacity 226593K, committed 227368K, reserved 712704K
  class space    used 28014K, capacity 31112K, committed 31448K, reserved 516096K
}
Event: 213.833 GC heap before
{Heap before GC invocations=148 (full 0):
 garbage-first heap   total 374784K, used 319685K [0x0000000080000000, 0x0000000100000000)
  region size 1024K, 35 young (35840K), 2 survivors (2048K)
 Metaspace       used 218441K, capacity 226669K, committed 227368K, reserved 712704K
  class space    used 28014K, capacity 31112K, committed 31448K, reserved 516096K
}
Event: 213.840 GC heap after
{Heap after GC invocations=149 (full 0):
 garbage-first heap   total 374784K, used 290397K [0x0000000080000000, 0x0000000100000000)
  region size 1024K, 5 young (5120K), 5 survivors (5120K)
 Metaspace       used 218441K, capacity 226669K, committed 227368K, reserved 712704K
  class space    used 28014K, capacity 31112K, committed 31448K, reserved 516096K
}
Event: 214.508 GC heap before
{Heap before GC invocations=149 (full 0):
 garbage-first heap   total 374784K, used 321117K [0x0000000080000000, 0x0000000100000000)
  region size 1024K, 35 young (35840K), 5 survivors (5120K)
 Metaspace       used 218494K, capacity 226735K, committed 227624K, reserved 712704K
  class space    used 28014K, capacity 31112K, committed 31448K, reserved 516096K
}
Event: 214.514 GC heap after
{Heap after GC invocations=150 (full 0):
 garbage-first heap   total 374784K, used 291268K [0x0000000080000000, 0x0000000100000000)
  region size 1024K, 2 young (2048K), 2 survivors (2048K)
 Metaspace       used 218494K, capacity 226735K, committed 227624K, reserved 712704K
  class space    used 28014K, capacity 31112K, committed 31448K, reserved 516096K
}
Event: 214.849 GC heap before
{Heap before GC invocations=150 (full 0):
 garbage-first heap   total 374784K, used 321988K [0x0000000080000000, 0x0000000100000000)
  region size 1024K, 32 young (32768K), 2 survivors (2048K)
 Metaspace       used 218634K, capacity 226901K, committed 227624K, reserved 712704K
  class space    used 28028K, capacity 31144K, committed 31448K, reserved 516096K
}
Event: 214.856 GC heap after
{Heap after GC invocations=151 (full 0):
 garbage-first heap   total 374784K, used 292873K [0x0000000080000000, 0x0000000100000000)
  region size 1024K, 4 young (4096K), 4 survivors (4096K)
 Metaspace       used 218634K, capacity 226901K, committed 227624K, reserved 712704K
  class space    used 28028K, capacity 31144K, committed 31448K, reserved 516096K
}
Event: 215.281 GC heap before
{Heap before GC invocations=151 (full 0):
 garbage-first heap   total 374784K, used 322569K [0x0000000080000000, 0x0000000100000000)
  region size 1024K, 34 young (34816K), 4 survivors (4096K)
 Metaspace       used 218661K, capacity 226902K, committed 227624K, reserved 712704K
  class space    used 28028K, capacity 31144K, committed 31448K, reserved 516096K
}
Event: 215.287 GC heap after
{Heap after GC invocations=152 (full 0):
 garbage-first heap   total 374784K, used 293597K [0x0000000080000000, 0x0000000100000000)
  region size 1024K, 3 young (3072K), 3 survivors (3072K)
 Metaspace       used 218661K, capacity 226902K, committed 227624K, reserved 712704K
  class space    used 28028K, capacity 31144K, committed 31448K, reserved 516096K
}
Event: 215.567 GC heap before
{Heap before GC invocations=153 (full 0):
 garbage-first heap   total 374784K, used 324317K [0x0000000080000000, 0x0000000100000000)
  region size 1024K, 33 young (33792K), 3 survivors (3072K)
 Metaspace       used 218707K, capacity 226968K, committed 227624K, reserved 712704K
  class space    used 28033K, capacity 31144K, committed 31448K, reserved 516096K
}
Event: 215.573 GC heap after
{Heap after GC invocations=154 (full 0):
 garbage-first heap   total 374784K, used 296057K [0x0000000080000000, 0x0000000100000000)
  region size 1024K, 5 young (5120K), 5 survivors (5120K)
 Metaspace       used 218707K, capacity 226968K, committed 227624K, reserved 712704K
  class space    used 28033K, capacity 31144K, committed 31448K, reserved 516096K
}
Event: 215.732 GC heap before
{Heap before GC invocations=154 (full 0):
 garbage-first heap   total 374784K, used 308345K [0x0000000080000000, 0x0000000100000000)
  region size 1024K, 18 young (18432K), 5 survivors (5120K)
 Metaspace       used 218828K, capacity 227072K, committed 227880K, reserved 712704K
  class space    used 28036K, capacity 31149K, committed 31448K, reserved 516096K
}
Event: 215.744 GC heap after
{Heap after GC invocations=155 (full 0):
 garbage-first heap   total 374784K, used 288262K [0x0000000080000000, 0x0000000100000000)
  region size 1024K, 2 young (2048K), 2 survivors (2048K)
 Metaspace       used 218828K, capacity 227072K, committed 227880K, reserved 712704K
  class space    used 28036K, capacity 31149K, committed 31448K, reserved 516096K
}

