# JRE version: OpenJDK Runtime Environment Microsoft-7208460 (11.0.18+10) (build 11.0.18+10-LTS)
# Java VM: OpenJDK 64-Bit Server VM Microsoft-7208460 (11.0.18+10-LTS, mixed mode, tiered, compressed oops, g1 gc, windows-amd64)
Heap:
 garbage-first heap   total 312320K, used 222152K [0x0000000080000000, 0x0000000100000000)
  region size 1024K, 7 young (7168K), 6 survivors (6144K)
 Metaspace       used 152047K, capacity 158296K, committed 158504K, reserved 653312K
  class space    used 19530K, capacity 21914K, committed 21976K, reserved 516096K
GC Heap History (20 events):
Event: 276.032 GC heap before
{Heap before GC invocations=89 (full 0):
 garbage-first heap   total 312320K, used 270696K [0x0000000080000000, 0x0000000100000000)
  region size 1024K, 34 young (34816K), 5 survivors (5120K)
 Metaspace       used 150768K, capacity 156626K, committed 156712K, reserved 651264K
  class space    used 19400K, capacity 21675K, committed 21720K, reserved 516096K
}
Event: 276.038 GC heap after
{Heap after GC invocations=90 (full 0):
 garbage-first heap   total 312320K, used 244187K [0x0000000080000000, 0x0000000100000000)
  region size 1024K, 4 young (4096K), 4 survivors (4096K)
 Metaspace       used 150768K, capacity 156626K, committed 156712K, reserved 651264K
  class space    used 19400K, capacity 21675K, committed 21720K, reserved 516096K
}
Event: 276.154 GC heap before
{Heap before GC invocations=90 (full 0):
 garbage-first heap   total 312320K, used 255451K [0x0000000080000000, 0x0000000100000000)
  region size 1024K, 15 young (15360K), 4 survivors (4096K)
 Metaspace       used 150928K, capacity 156888K, committed 156968K, reserved 653312K
  class space    used 19424K, capacity 21719K, committed 21720K, reserved 516096K
}
Event: 276.164 GC heap after
{Heap after GC invocations=91 (full 0):
 garbage-first heap   total 312320K, used 220352K [0x0000000080000000, 0x0000000100000000)
  region size 1024K, 2 young (2048K), 2 survivors (2048K)
 Metaspace       used 150928K, capacity 156888K, committed 156968K, reserved 653312K
  class space    used 19424K, capacity 21719K, committed 21720K, reserved 516096K
}
Event: 276.250 GC heap before
{Heap before GC invocations=91 (full 0):
 garbage-first heap   total 312320K, used 232640K [0x0000000080000000, 0x0000000100000000)
  region size 1024K, 15 young (15360K), 2 survivors (2048K)
 Metaspace       used 150938K, capacity 156888K, committed 156968K, reserved 653312K
  class space    used 19425K, capacity 21719K, committed 21720K, reserved 516096K
}
Event: 276.266 GC heap after
{Heap after GC invocations=92 (full 0):
 garbage-first heap   total 312320K, used 204665K [0x0000000080000000, 0x0000000100000000)
  region size 1024K, 2 young (2048K), 2 survivors (2048K)
 Metaspace       used 150938K, capacity 156888K, committed 156968K, reserved 653312K
  class space    used 19425K, capacity 21719K, committed 21720K, reserved 516096K
}
Event: 276.392 GC heap before
{Heap before GC invocations=92 (full 0):
 garbage-first heap   total 312320K, used 217977K [0x0000000080000000, 0x0000000100000000)
  region size 1024K, 15 young (15360K), 2 survivors (2048K)
 Metaspace       used 151150K, capacity 157279K, committed 157608K, reserved 653312K
  class space    used 19449K, capacity 21764K, committed 21848K, reserved 516096K
}
Event: 276.407 GC heap after
{Heap after GC invocations=93 (full 0):
 garbage-first heap   total 312320K, used 205063K [0x0000000080000000, 0x0000000100000000)
  region size 1024K, 2 young (2048K), 2 survivors (2048K)
 Metaspace       used 151150K, capacity 157279K, committed 157608K, reserved 653312K
  class space    used 19449K, capacity 21764K, committed 21848K, reserved 516096K
}
Event: 276.863 GC heap before
{Heap before GC invocations=93 (full 0):
 garbage-first heap   total 312320K, used 249095K [0x0000000080000000, 0x0000000100000000)
  region size 1024K, 45 young (46080K), 2 survivors (2048K)
 Metaspace       used 151417K, capacity 157476K, committed 157608K, reserved 653312K
  class space    used 19460K, capacity 21784K, committed 21848K, reserved 516096K
}
Event: 276.872 GC heap after
{Heap after GC invocations=94 (full 0):
 garbage-first heap   total 312320K, used 214442K [0x0000000080000000, 0x0000000100000000)
  region size 1024K, 6 young (6144K), 6 survivors (6144K)
 Metaspace       used 151417K, capacity 157476K, committed 157608K, reserved 653312K
  class space    used 19460K, capacity 21784K, committed 21848K, reserved 516096K
}
Event: 277.123 GC heap before
{Heap before GC invocations=94 (full 0):
 garbage-first heap   total 312320K, used 255402K [0x0000000080000000, 0x0000000100000000)
  region size 1024K, 46 young (47104K), 6 survivors (6144K)
 Metaspace       used 151591K, capacity 157735K, committed 157864K, reserved 653312K
  class space    used 19480K, capacity 21821K, committed 21848K, reserved 516096K
}
Event: 277.130 GC heap after
{Heap after GC invocations=95 (full 0):
 garbage-first heap   total 312320K, used 220691K [0x0000000080000000, 0x0000000100000000)
  region size 1024K, 6 young (6144K), 6 survivors (6144K)
 Metaspace       used 151591K, capacity 157735K, committed 157864K, reserved 653312K
  class space    used 19480K, capacity 21821K, committed 21848K, reserved 516096K
}
Event: 277.237 GC heap before
{Heap before GC invocations=95 (full 0):
 garbage-first heap   total 312320K, used 258579K [0x0000000080000000, 0x0000000100000000)
  region size 1024K, 44 young (45056K), 6 survivors (6144K)
 Metaspace       used 151676K, capacity 157796K, committed 157864K, reserved 653312K
  class space    used 19485K, capacity 21832K, committed 21848K, reserved 516096K
}
Event: 277.244 GC heap after
{Heap after GC invocations=96 (full 0):
 garbage-first heap   total 312320K, used 224039K [0x0000000080000000, 0x0000000100000000)
  region size 1024K, 4 young (4096K), 4 survivors (4096K)
 Metaspace       used 151676K, capacity 157796K, committed 157864K, reserved 653312K
  class space    used 19485K, capacity 21832K, committed 21848K, reserved 516096K
}
Event: 279.491 GC heap before
{Heap before GC invocations=97 (full 0):
 garbage-first heap   total 312320K, used 261927K [0x0000000080000000, 0x0000000100000000)
  region size 1024K, 41 young (41984K), 4 survivors (4096K)
 Metaspace       used 151685K, capacity 157802K, committed 157864K, reserved 653312K
  class space    used 19487K, capacity 21834K, committed 21848K, reserved 516096K
}
Event: 279.497 GC heap after
{Heap after GC invocations=98 (full 0):
 garbage-first heap   total 312320K, used 223685K [0x0000000080000000, 0x0000000100000000)
  region size 1024K, 3 young (3072K), 3 survivors (3072K)
 Metaspace       used 151685K, capacity 157802K, committed 157864K, reserved 653312K
  class space    used 19487K, capacity 21834K, committed 21848K, reserved 516096K
}
Event: 281.277 GC heap before
{Heap before GC invocations=98 (full 0):
 garbage-first heap   total 312320K, used 235973K [0x0000000080000000, 0x0000000100000000)
  region size 1024K, 15 young (15360K), 3 survivors (3072K)
 Metaspace       used 151685K, capacity 157802K, committed 157864K, reserved 653312K
  class space    used 19487K, capacity 21834K, committed 21848K, reserved 516096K
}
Event: 281.289 GC heap after
{Heap after GC invocations=99 (full 0):
 garbage-first heap   total 312320K, used 217093K [0x0000000080000000, 0x0000000100000000)
  region size 1024K, 1 young (1024K), 1 survivors (1024K)
 Metaspace       used 151685K, capacity 157802K, committed 157864K, reserved 653312K
  class space    used 19487K, capacity 21834K, committed 21848K, reserved 516096K
}
Event: 282.906 GC heap before
{Heap before GC invocations=99 (full 0):
 garbage-first heap   total 312320K, used 261125K [0x0000000080000000, 0x0000000100000000)
  region size 1024K, 44 young (45056K), 1 survivors (1024K)
 Metaspace       used 151901K, capacity 158074K, committed 158248K, reserved 653312K
  class space    used 19509K, capacity 21876K, committed 21976K, reserved 516096K
}
Event: 282.912 GC heap after
{Heap after GC invocations=100 (full 0):
 garbage-first heap   total 312320K, used 218878K [0x0000000080000000, 0x0000000100000000)
  region size 1024K, 3 young (3072K), 3 survivors (3072K)
 Metaspace       used 151901K, capacity 158074K, committed 158248K, reserved 653312K
  class space    used 19509K, capacity 21876K, committed 21976K, reserved 516096K
}

