# JRE version: OpenJDK Runtime Environment Microsoft-7208460 (11.0.18+10) (build 11.0.18+10-LTS)
# Java VM: OpenJDK 64-Bit Server VM Microsoft-7208460 (11.0.18+10-LTS, mixed mode, tiered, compressed oops, g1 gc, windows-amd64)
Heap:
 garbage-first heap   total 260096K, used 221503K [0x0000000080000000, 0x0000000100000000)
  region size 1024K, 16 young (16384K), 3 survivors (3072K)
 Metaspace       used 125764K, capacity 130440K, committed 130616K, reserved 628736K
  class space    used 16376K, capacity 18221K, committed 18276K, reserved 516096K
GC Heap History (20 events):
Event: 29.054 GC heap before
{Heap before GC invocations=39 (full 0):
 garbage-first heap   total 260096K, used 200186K [0x0000000080000000, 0x0000000100000000)
  region size 1024K, 11 young (11264K), 5 survivors (5120K)
 Metaspace       used 118327K, capacity 122882K, committed 123704K, reserved 622592K
  class space    used 15424K, capacity 17249K, committed 17508K, reserved 516096K
}
Event: 29.057 GC heap after
{Heap after GC invocations=40 (full 0):
 garbage-first heap   total 260096K, used 196761K [0x0000000080000000, 0x0000000100000000)
  region size 1024K, 1 young (1024K), 1 survivors (1024K)
 Metaspace       used 118327K, capacity 122882K, committed 123704K, reserved 622592K
  class space    used 15424K, capacity 17249K, committed 17508K, reserved 516096K
}
Event: 29.157 GC heap before
{Heap before GC invocations=40 (full 0):
 garbage-first heap   total 260096K, used 229529K [0x0000000080000000, 0x0000000100000000)
  region size 1024K, 26 young (26624K), 1 survivors (1024K)
 Metaspace       used 118400K, capacity 122969K, committed 123704K, reserved 622592K
  class space    used 15424K, capacity 17249K, committed 17508K, reserved 516096K
}
Event: 29.160 GC heap after
{Heap after GC invocations=41 (full 0):
 garbage-first heap   total 260096K, used 198265K [0x0000000080000000, 0x0000000100000000)
  region size 1024K, 3 young (3072K), 3 survivors (3072K)
 Metaspace       used 118400K, capacity 122969K, committed 123704K, reserved 622592K
  class space    used 15424K, capacity 17249K, committed 17508K, reserved 516096K
}
Event: 29.355 GC heap before
{Heap before GC invocations=41 (full 0):
 garbage-first heap   total 260096K, used 225913K [0x0000000080000000, 0x0000000100000000)
  region size 1024K, 27 young (27648K), 3 survivors (3072K)
 Metaspace       used 118456K, capacity 122973K, committed 123704K, reserved 622592K
  class space    used 15425K, capacity 17249K, committed 17508K, reserved 516096K
}
Event: 29.359 GC heap after
{Heap after GC invocations=42 (full 0):
 garbage-first heap   total 260096K, used 200522K [0x0000000080000000, 0x0000000100000000)
  region size 1024K, 4 young (4096K), 4 survivors (4096K)
 Metaspace       used 118456K, capacity 122973K, committed 123704K, reserved 622592K
  class space    used 15425K, capacity 17249K, committed 17508K, reserved 516096K
}
Event: 29.444 GC heap before
{Heap before GC invocations=43 (full 0):
 garbage-first heap   total 260096K, used 209738K [0x0000000080000000, 0x0000000100000000)
  region size 1024K, 14 young (14336K), 4 survivors (4096K)
 Metaspace       used 118607K, capacity 123113K, committed 123704K, reserved 622592K
  class space    used 15449K, capacity 17284K, committed 17508K, reserved 516096K
}
Event: 29.449 GC heap after
{Heap after GC invocations=44 (full 0):
 garbage-first heap   total 260096K, used 201607K [0x0000000080000000, 0x0000000100000000)
  region size 1024K, 2 young (2048K), 2 survivors (2048K)
 Metaspace       used 118607K, capacity 123113K, committed 123704K, reserved 622592K
  class space    used 15449K, capacity 17284K, committed 17508K, reserved 516096K
}
Event: 29.510 GC heap before
{Heap before GC invocations=44 (full 0):
 garbage-first heap   total 260096K, used 223111K [0x0000000080000000, 0x0000000100000000)
  region size 1024K, 20 young (20480K), 2 survivors (2048K)
 Metaspace       used 118611K, capacity 123117K, committed 123704K, reserved 622592K
  class space    used 15449K, capacity 17284K, committed 17508K, reserved 516096K
}
Event: 29.512 GC heap after
{Heap after GC invocations=45 (full 0):
 garbage-first heap   total 260096K, used 202487K [0x0000000080000000, 0x0000000100000000)
  region size 1024K, 3 young (3072K), 3 survivors (3072K)
 Metaspace       used 118611K, capacity 123117K, committed 123704K, reserved 622592K
  class space    used 15449K, capacity 17284K, committed 17508K, reserved 516096K
}
Event: 29.649 GC heap before
{Heap before GC invocations=45 (full 0):
 garbage-first heap   total 260096K, used 220919K [0x0000000080000000, 0x0000000100000000)
  region size 1024K, 22 young (22528K), 3 survivors (3072K)
 Metaspace       used 118673K, capacity 123190K, committed 123704K, reserved 622592K
  class space    used 15456K, capacity 17286K, committed 17508K, reserved 516096K
}
Event: 29.653 GC heap after
{Heap after GC invocations=46 (full 0):
 garbage-first heap   total 260096K, used 203529K [0x0000000080000000, 0x0000000100000000)
  region size 1024K, 3 young (3072K), 3 survivors (3072K)
 Metaspace       used 118673K, capacity 123190K, committed 123704K, reserved 622592K
  class space    used 15456K, capacity 17286K, committed 17508K, reserved 516096K
}
Event: 29.833 GC heap before
{Heap before GC invocations=47 (full 0):
 garbage-first heap   total 260096K, used 222985K [0x0000000080000000, 0x0000000100000000)
  region size 1024K, 22 young (22528K), 3 survivors (3072K)
 Metaspace       used 119300K, capacity 123900K, committed 124472K, reserved 624640K
  class space    used 15533K, capacity 17328K, committed 17508K, reserved 516096K
}
Event: 29.837 GC heap after
{Heap after GC invocations=48 (full 0):
 garbage-first heap   total 260096K, used 205755K [0x0000000080000000, 0x0000000100000000)
  region size 1024K, 3 young (3072K), 3 survivors (3072K)
 Metaspace       used 119300K, capacity 123900K, committed 124472K, reserved 624640K
  class space    used 15533K, capacity 17328K, committed 17508K, reserved 516096K
}
Event: 30.141 GC heap before
{Heap before GC invocations=48 (full 0):
 garbage-first heap   total 260096K, used 224187K [0x0000000080000000, 0x0000000100000000)
  region size 1024K, 22 young (22528K), 3 survivors (3072K)
 Metaspace       used 120122K, capacity 124789K, committed 125112K, reserved 624640K
  class space    used 15642K, capacity 17456K, committed 17636K, reserved 516096K
}
Event: 30.144 GC heap after
{Heap after GC invocations=49 (full 0):
 garbage-first heap   total 260096K, used 206839K [0x0000000080000000, 0x0000000100000000)
  region size 1024K, 1 young (1024K), 1 survivors (1024K)
 Metaspace       used 120122K, capacity 124789K, committed 125112K, reserved 624640K
  class space    used 15642K, capacity 17456K, committed 17636K, reserved 516096K
}
Event: 30.244 GC heap before
{Heap before GC invocations=49 (full 0):
 garbage-first heap   total 260096K, used 224247K [0x0000000080000000, 0x0000000100000000)
  region size 1024K, 19 young (19456K), 1 survivors (1024K)
 Metaspace       used 121170K, capacity 125847K, committed 126264K, reserved 626688K
  class space    used 15791K, capacity 17572K, committed 17764K, reserved 516096K
}
Event: 30.247 GC heap after
{Heap after GC invocations=50 (full 0):
 garbage-first heap   total 260096K, used 207591K [0x0000000080000000, 0x0000000100000000)
  region size 1024K, 2 young (2048K), 2 survivors (2048K)
 Metaspace       used 121170K, capacity 125847K, committed 126264K, reserved 626688K
  class space    used 15791K, capacity 17572K, committed 17764K, reserved 516096K
}
Event: 30.429 GC heap before
{Heap before GC invocations=51 (full 0):
 garbage-first heap   total 260096K, used 224999K [0x0000000080000000, 0x0000000100000000)
  region size 1024K, 20 young (20480K), 2 survivors (2048K)
 Metaspace       used 121750K, capacity 126311K, committed 126648K, reserved 626688K
  class space    used 15872K, capacity 17680K, committed 17892K, reserved 516096K
}
Event: 30.433 GC heap after
{Heap after GC invocations=52 (full 0):
 garbage-first heap   total 260096K, used 210239K [0x0000000080000000, 0x0000000100000000)
  region size 1024K, 3 young (3072K), 3 survivors (3072K)
 Metaspace       used 121750K, capacity 126311K, committed 126648K, reserved 626688K
  class space    used 15872K, capacity 17680K, committed 17892K, reserved 516096K
}

