# JRE version: OpenJDK Runtime Environment Microsoft-7208460 (11.0.18+10) (build 11.0.18+10-LTS)
# Java VM: OpenJDK 64-Bit Server VM Microsoft-7208460 (11.0.18+10-LTS, mixed mode, tiered, compressed oops, g1 gc, windows-amd64)
Heap:
 garbage-first heap   total 374784K, used 259008K [0x0000000080000000, 0x0000000100000000)
  region size 1024K, 33 young (33792K), 7 survivors (7168K)
 Metaspace       used 130694K, capacity 135597K, committed 135772K, reserved 634880K
  class space    used 16882K, capacity 18791K, committed 18816K, reserved 516096K
GC Heap History (20 events):
Event: 38.775 GC heap before
{Heap before GC invocations=52 (full 0):
 garbage-first heap   total 260096K, used 224967K [0x0000000080000000, 0x0000000100000000)
  region size 1024K, 18 young (18432K), 3 survivors (3072K)
 Metaspace       used 124590K, capacity 129154K, committed 129500K, reserved 628736K
  class space    used 16207K, capacity 18024K, committed 18176K, reserved 516096K
}
Event: 38.781 GC heap after
{Heap after GC invocations=53 (full 0):
 garbage-first heap   total 260096K, used 212481K [0x0000000080000000, 0x0000000100000000)
  region size 1024K, 2 young (2048K), 2 survivors (2048K)
 Metaspace       used 124590K, capacity 129154K, committed 129500K, reserved 628736K
  class space    used 16207K, capacity 18024K, committed 18176K, reserved 516096K
}
Event: 38.963 GC heap before
{Heap before GC invocations=53 (full 0):
 garbage-first heap   total 260096K, used 225793K [0x0000000080000000, 0x0000000100000000)
  region size 1024K, 16 young (16384K), 2 survivors (2048K)
 Metaspace       used 125031K, capacity 129506K, committed 130140K, reserved 628736K
  class space    used 16262K, capacity 18056K, committed 18304K, reserved 516096K
}
Event: 38.969 GC heap after
{Heap after GC invocations=54 (full 0):
 garbage-first heap   total 312320K, used 214476K [0x0000000080000000, 0x0000000100000000)
  region size 1024K, 2 young (2048K), 2 survivors (2048K)
 Metaspace       used 125031K, capacity 129506K, committed 130140K, reserved 628736K
  class space    used 16262K, capacity 18056K, committed 18304K, reserved 516096K
}
Event: 39.354 GC heap before
{Heap before GC invocations=55 (full 0):
 garbage-first heap   total 312320K, used 250316K [0x0000000080000000, 0x0000000100000000)
  region size 1024K, 37 young (37888K), 2 survivors (2048K)
 Metaspace       used 126145K, capacity 130755K, committed 131036K, reserved 630784K
  class space    used 16409K, capacity 18231K, committed 18432K, reserved 516096K
}
Event: 39.361 GC heap after
{Heap after GC invocations=56 (full 0):
 garbage-first heap   total 312320K, used 219466K [0x0000000080000000, 0x0000000100000000)
  region size 1024K, 5 young (5120K), 5 survivors (5120K)
 Metaspace       used 126145K, capacity 130755K, committed 131036K, reserved 630784K
  class space    used 16409K, capacity 18231K, committed 18432K, reserved 516096K
}
Event: 39.540 GC heap before
{Heap before GC invocations=56 (full 0):
 garbage-first heap   total 312320K, used 234826K [0x0000000080000000, 0x0000000100000000)
  region size 1024K, 22 young (22528K), 5 survivors (5120K)
 Metaspace       used 126354K, capacity 131062K, committed 131292K, reserved 630784K
  class space    used 16435K, capacity 18285K, committed 18432K, reserved 516096K
}
Event: 39.545 GC heap after
{Heap after GC invocations=57 (full 0):
 garbage-first heap   total 312320K, used 221820K [0x0000000080000000, 0x0000000100000000)
  region size 1024K, 3 young (3072K), 3 survivors (3072K)
 Metaspace       used 126354K, capacity 131062K, committed 131292K, reserved 630784K
  class space    used 16435K, capacity 18285K, committed 18432K, reserved 516096K
}
Event: 39.708 GC heap before
{Heap before GC invocations=57 (full 0):
 garbage-first heap   total 312320K, used 258684K [0x0000000080000000, 0x0000000100000000)
  region size 1024K, 32 young (32768K), 3 survivors (3072K)
 Metaspace       used 126377K, capacity 131079K, committed 131292K, reserved 630784K
  class space    used 16438K, capacity 18290K, committed 18432K, reserved 516096K
}
Event: 39.714 GC heap after
{Heap after GC invocations=58 (full 0):
 garbage-first heap   total 312320K, used 224179K [0x0000000080000000, 0x0000000100000000)
  region size 1024K, 4 young (4096K), 4 survivors (4096K)
 Metaspace       used 126377K, capacity 131079K, committed 131292K, reserved 630784K
  class space    used 16438K, capacity 18290K, committed 18432K, reserved 516096K
}
Event: 39.892 GC heap before
{Heap before GC invocations=58 (full 0):
 garbage-first heap   total 312320K, used 258995K [0x0000000080000000, 0x0000000100000000)
  region size 1024K, 35 young (35840K), 4 survivors (4096K)
 Metaspace       used 126382K, capacity 131079K, committed 131292K, reserved 630784K
  class space    used 16438K, capacity 18290K, committed 18432K, reserved 516096K
}
Event: 39.901 GC heap after
{Heap after GC invocations=59 (full 0):
 garbage-first heap   total 374784K, used 226423K [0x0000000080000000, 0x0000000100000000)
  region size 1024K, 5 young (5120K), 5 survivors (5120K)
 Metaspace       used 126382K, capacity 131079K, committed 131292K, reserved 630784K
  class space    used 16438K, capacity 18290K, committed 18432K, reserved 516096K
}
Event: 40.225 GC heap before
{Heap before GC invocations=60 (full 0):
 garbage-first heap   total 374784K, used 269431K [0x0000000080000000, 0x0000000100000000)
  region size 1024K, 49 young (50176K), 5 survivors (5120K)
 Metaspace       used 127274K, capacity 131974K, committed 132316K, reserved 630784K
  class space    used 16481K, capacity 18327K, committed 18432K, reserved 516096K
}
Event: 40.230 GC heap after
{Heap after GC invocations=61 (full 0):
 garbage-first heap   total 374784K, used 228204K [0x0000000080000000, 0x0000000100000000)
  region size 1024K, 4 young (4096K), 4 survivors (4096K)
 Metaspace       used 127274K, capacity 131974K, committed 132316K, reserved 630784K
  class space    used 16481K, capacity 18327K, committed 18432K, reserved 516096K
}
Event: 43.323 GC heap before
{Heap before GC invocations=62 (full 0):
 garbage-first heap   total 374784K, used 287596K [0x0000000080000000, 0x0000000100000000)
  region size 1024K, 59 young (60416K), 4 survivors (4096K)
 Metaspace       used 128049K, capacity 132823K, committed 132956K, reserved 630784K
  class space    used 16580K, capacity 18438K, committed 18560K, reserved 516096K
}
Event: 43.328 GC heap after
{Heap after GC invocations=63 (full 0):
 garbage-first heap   total 374784K, used 231350K [0x0000000080000000, 0x0000000100000000)
  region size 1024K, 7 young (7168K), 7 survivors (7168K)
 Metaspace       used 128049K, capacity 132823K, committed 132956K, reserved 630784K
  class space    used 16580K, capacity 18438K, committed 18560K, reserved 516096K
}
Event: 43.866 GC heap before
{Heap before GC invocations=63 (full 0):
 garbage-first heap   total 374784K, used 251830K [0x0000000080000000, 0x0000000100000000)
  region size 1024K, 28 young (28672K), 7 survivors (7168K)
 Metaspace       used 128668K, capacity 133412K, committed 133468K, reserved 632832K
  class space    used 16676K, capacity 18545K, committed 18560K, reserved 516096K
}
Event: 43.871 GC heap after
{Heap after GC invocations=64 (full 0):
 garbage-first heap   total 374784K, used 230784K [0x0000000080000000, 0x0000000100000000)
  region size 1024K, 3 young (3072K), 3 survivors (3072K)
 Metaspace       used 128668K, capacity 133412K, committed 133468K, reserved 632832K
  class space    used 16676K, capacity 18545K, committed 18560K, reserved 516096K
}
Event: 688.860 GC heap before
{Heap before GC invocations=65 (full 0):
 garbage-first heap   total 374784K, used 296320K [0x0000000080000000, 0x0000000100000000)
  region size 1024K, 64 young (65536K), 3 survivors (3072K)
 Metaspace       used 130525K, capacity 135391K, committed 135516K, reserved 634880K
  class space    used 16880K, capacity 18789K, committed 18816K, reserved 516096K
}
Event: 688.865 GC heap after
{Heap after GC invocations=66 (full 0):
 garbage-first heap   total 374784K, used 234432K [0x0000000080000000, 0x0000000100000000)
  region size 1024K, 7 young (7168K), 7 survivors (7168K)
 Metaspace       used 130525K, capacity 135391K, committed 135516K, reserved 634880K
  class space    used 16880K, capacity 18789K, committed 18816K, reserved 516096K
}

