# JRE version: OpenJDK Runtime Environment Microsoft-7208460 (11.0.18+10) (build 11.0.18+10-LTS)
# Java VM: OpenJDK 64-Bit Server VM Microsoft-7208460 (11.0.18+10-LTS, mixed mode, tiered, compressed oops, g1 gc, windows-amd64)
Heap:
 garbage-first heap   total 260096K, used 72011K [0x0000000702000000, 0x0000000800000000)
  region size 1024K, 15 young (15360K), 9 survivors (9216K)
 Metaspace       used 68969K, capacity 69906K, committed 70224K, reserved 1118208K
  class space    used 7623K, capacity 7987K, committed 8060K, reserved 1048576K
GC Heap History (18 events):
Event: 3.481 GC heap before
{Heap before GC invocations=0 (full 0):
 garbage-first heap   total 260096K, used 27648K [0x0000000702000000, 0x0000000800000000)
  region size 1024K, 24 young (24576K), 0 survivors (0K)
 Metaspace       used 12397K, capacity 12504K, committed 12800K, reserved 1060864K
  class space    used 1150K, capacity 1207K, committed 1280K, reserved 1048576K
}
Event: 3.820 GC heap after
{Heap after GC invocations=1 (full 0):
 garbage-first heap   total 260096K, used 5889K [0x0000000702000000, 0x0000000800000000)
  region size 1024K, 3 young (3072K), 3 survivors (3072K)
 Metaspace       used 12397K, capacity 12504K, committed 12800K, reserved 1060864K
  class space    used 1150K, capacity 1207K, committed 1280K, reserved 1048576K
}
Event: 8.441 GC heap before
{Heap before GC invocations=1 (full 0):
 garbage-first heap   total 260096K, used 41729K [0x0000000702000000, 0x0000000800000000)
  region size 1024K, 39 young (39936K), 3 survivors (3072K)
 Metaspace       used 21000K, capacity 21182K, committed 21248K, reserved 1069056K
  class space    used 2217K, capacity 2280K, committed 2304K, reserved 1048576K
}
Event: 8.500 GC heap after
{Heap after GC invocations=2 (full 0):
 garbage-first heap   total 260096K, used 9271K [0x0000000702000000, 0x0000000800000000)
  region size 1024K, 7 young (7168K), 7 survivors (7168K)
 Metaspace       used 21000K, capacity 21182K, committed 21248K, reserved 1069056K
  class space    used 2217K, capacity 2280K, committed 2304K, reserved 1048576K
}
Event: 14.038 GC heap before
{Heap before GC invocations=3 (full 0):
 garbage-first heap   total 260096K, used 63543K [0x0000000702000000, 0x0000000800000000)
  region size 1024K, 55 young (56320K), 7 survivors (7168K)
 Metaspace       used 32407K, capacity 32799K, committed 32892K, reserved 1077248K
  class space    used 4004K, capacity 4182K, committed 4220K, reserved 1048576K
}
Event: 14.057 GC heap after
{Heap after GC invocations=4 (full 0):
 garbage-first heap   total 260096K, used 20686K [0x0000000702000000, 0x0000000800000000)
  region size 1024K, 7 young (7168K), 7 survivors (7168K)
 Metaspace       used 32407K, capacity 32799K, committed 32892K, reserved 1077248K
  class space    used 4004K, capacity 4182K, committed 4220K, reserved 1048576K
}
Event: 14.965 GC heap before
{Heap before GC invocations=4 (full 0):
 garbage-first heap   total 260096K, used 25806K [0x0000000702000000, 0x0000000800000000)
  region size 1024K, 12 young (12288K), 7 survivors (7168K)
 Metaspace       used 33857K, capacity 34303K, committed 34684K, reserved 1079296K
  class space    used 4166K, capacity 4342K, committed 4476K, reserved 1048576K
}
Event: 14.974 GC heap after
{Heap after GC invocations=5 (full 0):
 garbage-first heap   total 260096K, used 22208K [0x0000000702000000, 0x0000000800000000)
  region size 1024K, 2 young (2048K), 2 survivors (2048K)
 Metaspace       used 33857K, capacity 34303K, committed 34684K, reserved 1079296K
  class space    used 4166K, capacity 4342K, committed 4476K, reserved 1048576K
}
Event: 15.884 GC heap before
{Heap before GC invocations=5 (full 0):
 garbage-first heap   total 260096K, used 29376K [0x0000000702000000, 0x0000000800000000)
  region size 1024K, 11 young (11264K), 2 survivors (2048K)
 Metaspace       used 35470K, capacity 35882K, committed 36048K, reserved 1081344K
  class space    used 4332K, capacity 4506K, committed 4604K, reserved 1048576K
}
Event: 15.892 GC heap after
{Heap after GC invocations=6 (full 0):
 garbage-first heap   total 260096K, used 20626K [0x0000000702000000, 0x0000000800000000)
  region size 1024K, 2 young (2048K), 2 survivors (2048K)
 Metaspace       used 35470K, capacity 35882K, committed 36048K, reserved 1081344K
  class space    used 4332K, capacity 4506K, committed 4604K, reserved 1048576K
}
Event: 24.388 GC heap before
{Heap before GC invocations=7 (full 0):
 garbage-first heap   total 260096K, used 100498K [0x0000000702000000, 0x0000000800000000)
  region size 1024K, 78 young (79872K), 2 survivors (2048K)
 Metaspace       used 48794K, capacity 49423K, committed 49744K, reserved 1093632K
  class space    used 5636K, capacity 5869K, committed 6012K, reserved 1048576K
}
Event: 24.405 GC heap after
{Heap after GC invocations=8 (full 0):
 garbage-first heap   total 260096K, used 33787K [0x0000000702000000, 0x0000000800000000)
  region size 1024K, 10 young (10240K), 10 survivors (10240K)
 Metaspace       used 48794K, capacity 49423K, committed 49744K, reserved 1093632K
  class space    used 5636K, capacity 5869K, committed 6012K, reserved 1048576K
}
Event: 36.592 GC heap before
{Heap before GC invocations=8 (full 0):
 garbage-first heap   total 260096K, used 111611K [0x0000000702000000, 0x0000000800000000)
  region size 1024K, 87 young (89088K), 10 survivors (10240K)
 Metaspace       used 59696K, capacity 60440K, committed 60496K, reserved 1101824K
  class space    used 6918K, capacity 7238K, committed 7292K, reserved 1048576K
}
Event: 36.638 GC heap after
{Heap after GC invocations=9 (full 0):
 garbage-first heap   total 260096K, used 42014K [0x0000000702000000, 0x0000000800000000)
  region size 1024K, 10 young (10240K), 10 survivors (10240K)
 Metaspace       used 59696K, capacity 60440K, committed 60496K, reserved 1101824K
  class space    used 6918K, capacity 7238K, committed 7292K, reserved 1048576K
}
Event: 48.865 GC heap before
{Heap before GC invocations=10 (full 0):
 garbage-first heap   total 260096K, used 140318K [0x0000000702000000, 0x0000000800000000)
  region size 1024K, 106 young (108544K), 10 survivors (10240K)
 Metaspace       used 63941K, capacity 64791K, committed 64976K, reserved 1105920K
  class space    used 7263K, capacity 7621K, committed 7676K, reserved 1048576K
}
Event: 48.902 GC heap after
{Heap after GC invocations=11 (full 0):
 garbage-first heap   total 260096K, used 55749K [0x0000000702000000, 0x0000000800000000)
  region size 1024K, 14 young (14336K), 14 survivors (14336K)
 Metaspace       used 63941K, capacity 64791K, committed 64976K, reserved 1105920K
  class space    used 7263K, capacity 7621K, committed 7676K, reserved 1048576K
}
Event: 58.711 GC heap before
{Heap before GC invocations=11 (full 0):
 garbage-first heap   total 260096K, used 129477K [0x0000000702000000, 0x0000000800000000)
  region size 1024K, 84 young (86016K), 14 survivors (14336K)
 Metaspace       used 68633K, capacity 69539K, committed 69712K, reserved 1118208K
  class space    used 7579K, capacity 7950K, committed 8060K, reserved 1048576K
}
Event: 58.798 GC heap after
{Heap after GC invocations=12 (full 0):
 garbage-first heap   total 260096K, used 66891K [0x0000000702000000, 0x0000000800000000)
  region size 1024K, 9 young (9216K), 9 survivors (9216K)
 Metaspace       used 68633K, capacity 69539K, committed 69712K, reserved 1118208K
  class space    used 7579K, capacity 7950K, committed 8060K, reserved 1048576K
}

